â¯ make 2>../make.log 1>&2
Scanning dependencies of target cmsys
[  0%] Building C object Source/kwsys/CMakeFiles/cmsys.dir/ProcessUNIX.c.o
[  0%] Building C object Source/kwsys/CMakeFiles/cmsys.dir/Base64.c.o
[  1%] Building C object Source/kwsys/CMakeFiles/cmsys.dir/EncodingC.c.o
[  1%] Building C object Source/kwsys/CMakeFiles/cmsys.dir/MD5.c.o
[  1%] Building C object Source/kwsys/CMakeFiles/cmsys.dir/Terminal.c.o
[  1%] Building C object Source/kwsys/CMakeFiles/cmsys.dir/System.c.o
[  1%] Building C object Source/kwsys/CMakeFiles/cmsys.dir/String.c.o
[  1%] Building CXX object Source/kwsys/CMakeFiles/cmsys.dir/Directory.cxx.o
[  1%] Building CXX object Source/kwsys/CMakeFiles/cmsys.dir/DynamicLoader.cxx.o
[  1%] Building CXX object Source/kwsys/CMakeFiles/cmsys.dir/EncodingCXX.cxx.o
[  1%] Building CXX object Source/kwsys/CMakeFiles/cmsys.dir/Glob.cxx.o
[  1%] Building CXX object Source/kwsys/CMakeFiles/cmsys.dir/RegularExpression.cxx.o
[  2%] Building CXX object Source/kwsys/CMakeFiles/cmsys.dir/SystemTools.cxx.o
[  2%] Building CXX object Source/kwsys/CMakeFiles/cmsys.dir/CommandLineArguments.cxx.o
[  2%] Building CXX object Source/kwsys/CMakeFiles/cmsys.dir/FStream.cxx.o
[  2%] Building CXX object Source/kwsys/CMakeFiles/cmsys.dir/SystemInformation.cxx.o
[  2%] Linking CXX static library libcmsys.a
[  2%] Built target cmsys
Scanning dependencies of target cmsysTestsCxx
[  2%] Building CXX object Source/kwsys/CMakeFiles/cmsysTestsCxx.dir/cmsysTestsCxx.cxx.o
[  2%] Building CXX object Source/kwsys/CMakeFiles/cmsysTestsCxx.dir/testConfigure.cxx.o
[  2%] Building CXX object Source/kwsys/CMakeFiles/cmsysTestsCxx.dir/testSystemTools.cxx.o
[  2%] Building CXX object Source/kwsys/CMakeFiles/cmsysTestsCxx.dir/testCommandLineArguments.cxx.o
[  3%] Building CXX object Source/kwsys/CMakeFiles/cmsysTestsCxx.dir/testCommandLineArguments1.cxx.o
[  3%] Building CXX object Source/kwsys/CMakeFiles/cmsysTestsCxx.dir/testDirectory.cxx.o
[  3%] Building CXX object Source/kwsys/CMakeFiles/cmsysTestsCxx.dir/testEncoding.cxx.o
[  3%] Building CXX object Source/kwsys/CMakeFiles/cmsysTestsCxx.dir/testFStream.cxx.o
[  3%] Building CXX object Source/kwsys/CMakeFiles/cmsysTestsCxx.dir/testConsoleBuf.cxx.o
[  3%] Building CXX object Source/kwsys/CMakeFiles/cmsysTestsCxx.dir/testSystemInformation.cxx.o
[  3%] Building CXX object Source/kwsys/CMakeFiles/cmsysTestsCxx.dir/testDynamicLoader.cxx.o
[  3%] Linking CXX executable cmsysTestsCxx
[  3%] Built target cmsysTestsCxx
Scanning dependencies of target cmsysTestDynload
[  3%] Building C object Source/kwsys/CMakeFiles/cmsysTestDynload.dir/testDynload.c.o
[  3%] Linking C shared module libcmsysTestDynload.so
[  3%] Built target cmsysTestDynload
Scanning dependencies of target cmsys_c
[  3%] Building C object Source/kwsys/CMakeFiles/cmsys_c.dir/ProcessUNIX.c.o
[  3%] Building C object Source/kwsys/CMakeFiles/cmsys_c.dir/Base64.c.o
[  4%] Building C object Source/kwsys/CMakeFiles/cmsys_c.dir/EncodingC.c.o
[  4%] Building C object Source/kwsys/CMakeFiles/cmsys_c.dir/MD5.c.o
[  4%] Building C object Source/kwsys/CMakeFiles/cmsys_c.dir/Terminal.c.o
[  4%] Building C object Source/kwsys/CMakeFiles/cmsys_c.dir/System.c.o
[  4%] Building C object Source/kwsys/CMakeFiles/cmsys_c.dir/String.c.o
[  4%] Linking C static library libcmsys_c.a
[  4%] Built target cmsys_c
Scanning dependencies of target testConsoleBufChild
[  4%] Building CXX object Source/kwsys/CMakeFiles/testConsoleBufChild.dir/testConsoleBufChild.cxx.o
[  4%] Linking CXX executable testConsoleBufChild
[  4%] Built target testConsoleBufChild
Scanning dependencies of target cmsysTestProcess
[  4%] Building C object Source/kwsys/CMakeFiles/cmsysTestProcess.dir/testProcess.c.o
[  4%] Linking C executable cmsysTestProcess
[  4%] Built target cmsysTestProcess
Scanning dependencies of target cmsysTestSharedForward
[  5%] Building C object Source/kwsys/CMakeFiles/cmsysTestSharedForward.dir/testSharedForward.c.o
[  5%] Linking C executable cmsysTestSharedForward
[  5%] Built target cmsysTestSharedForward
Scanning dependencies of target cmsysTestsC
[  5%] Building C object Source/kwsys/CMakeFiles/cmsysTestsC.dir/cmsysTestsC.c.o
[  5%] Building C object Source/kwsys/CMakeFiles/cmsysTestsC.dir/testEncode.c.o
[  5%] Building C object Source/kwsys/CMakeFiles/cmsysTestsC.dir/testTerminal.c.o
[  5%] Linking C executable cmsysTestsC
[  5%] Built target cmsysTestsC
Scanning dependencies of target cmstd
[  5%] Building CXX object Utilities/std/CMakeFiles/cmstd.dir/cm/bits/string_view.cxx.o
[  5%] Linking CXX static library libcmstd.a
[  5%] Built target cmstd
Scanning dependencies of target kwiml_test
[  5%] Building C object Utilities/KWIML/test/CMakeFiles/kwiml_test.dir/test.c.o
[  5%] Building C object Utilities/KWIML/test/CMakeFiles/kwiml_test.dir/test_abi_C.c.o
[  5%] Building C object Utilities/KWIML/test/CMakeFiles/kwiml_test.dir/test_int_C.c.o
[  5%] Building C object Utilities/KWIML/test/CMakeFiles/kwiml_test.dir/test_include_C.c.o
[  5%] Building CXX object Utilities/KWIML/test/CMakeFiles/kwiml_test.dir/test_abi_CXX.cxx.o
[  5%] Building CXX object Utilities/KWIML/test/CMakeFiles/kwiml_test.dir/test_int_CXX.cxx.o
[  5%] Building CXX object Utilities/KWIML/test/CMakeFiles/kwiml_test.dir/test_include_CXX.cxx.o
[  5%] Linking CXX executable kwiml_test
[  5%] Built target kwiml_test
Scanning dependencies of target cmlibrhash
[  5%] Building C object Utilities/cmlibrhash/CMakeFiles/cmlibrhash.dir/librhash/algorithms.c.o
[  5%] Building C object Utilities/cmlibrhash/CMakeFiles/cmlibrhash.dir/librhash/byte_order.c.o
[  6%] Building C object Utilities/cmlibrhash/CMakeFiles/cmlibrhash.dir/librhash/hex.c.o
[  6%] Building C object Utilities/cmlibrhash/CMakeFiles/cmlibrhash.dir/librhash/md5.c.o
[  6%] Building C object Utilities/cmlibrhash/CMakeFiles/cmlibrhash.dir/librhash/rhash.c.o
[  6%] Building C object Utilities/cmlibrhash/CMakeFiles/cmlibrhash.dir/librhash/sha1.c.o
[  6%] Building C object Utilities/cmlibrhash/CMakeFiles/cmlibrhash.dir/librhash/sha256.c.o
[  6%] Building C object Utilities/cmlibrhash/CMakeFiles/cmlibrhash.dir/librhash/sha3.c.o
[  6%] Building C object Utilities/cmlibrhash/CMakeFiles/cmlibrhash.dir/librhash/sha512.c.o
[  6%] Linking C static library libcmlibrhash.a
[  6%] Built target cmlibrhash
Scanning dependencies of target cmzlib
[  6%] Building C object Utilities/cmzlib/CMakeFiles/cmzlib.dir/adler32.c.o
[  6%] Building C object Utilities/cmzlib/CMakeFiles/cmzlib.dir/compress.c.o
[  6%] Building C object Utilities/cmzlib/CMakeFiles/cmzlib.dir/crc32.c.o
[  6%] Building C object Utilities/cmzlib/CMakeFiles/cmzlib.dir/deflate.c.o
[  7%] Building C object Utilities/cmzlib/CMakeFiles/cmzlib.dir/gzio.c.o
[  7%] Building C object Utilities/cmzlib/CMakeFiles/cmzlib.dir/inffast.c.o
[  7%] Building C object Utilities/cmzlib/CMakeFiles/cmzlib.dir/inflate.c.o
[  7%] Building C object Utilities/cmzlib/CMakeFiles/cmzlib.dir/inftrees.c.o
[  7%] Building C object Utilities/cmzlib/CMakeFiles/cmzlib.dir/trees.c.o
[  7%] Building C object Utilities/cmzlib/CMakeFiles/cmzlib.dir/uncompr.c.o
[  7%] Building C object Utilities/cmzlib/CMakeFiles/cmzlib.dir/zutil.c.o
[  7%] Linking C static library libcmzlib.a
[  7%] Built target cmzlib
Scanning dependencies of target cmnghttp2
[  7%] Building C object Utilities/cmnghttp2/CMakeFiles/cmnghttp2.dir/lib/nghttp2_buf.c.o
[  7%] Building C object Utilities/cmnghttp2/CMakeFiles/cmnghttp2.dir/lib/nghttp2_callbacks.c.o
[  7%] Building C object Utilities/cmnghttp2/CMakeFiles/cmnghttp2.dir/lib/nghttp2_debug.c.o
[  7%] Building C object Utilities/cmnghttp2/CMakeFiles/cmnghttp2.dir/lib/nghttp2_frame.c.o
[  7%] Building C object Utilities/cmnghttp2/CMakeFiles/cmnghttp2.dir/lib/nghttp2_hd.c.o
[  7%] Building C object Utilities/cmnghttp2/CMakeFiles/cmnghttp2.dir/lib/nghttp2_hd_huffman.c.o
[  7%] Building C object Utilities/cmnghttp2/CMakeFiles/cmnghttp2.dir/lib/nghttp2_hd_huffman_data.c.o
[  8%] Building C object Utilities/cmnghttp2/CMakeFiles/cmnghttp2.dir/lib/nghttp2_helper.c.o
[  8%] Building C object Utilities/cmnghttp2/CMakeFiles/cmnghttp2.dir/lib/nghttp2_http.c.o
[  8%] Building C object Utilities/cmnghttp2/CMakeFiles/cmnghttp2.dir/lib/nghttp2_map.c.o
[  8%] Building C object Utilities/cmnghttp2/CMakeFiles/cmnghttp2.dir/lib/nghttp2_mem.c.o
[  8%] Building C object Utilities/cmnghttp2/CMakeFiles/cmnghttp2.dir/lib/nghttp2_npn.c.o
[  8%] Building C object Utilities/cmnghttp2/CMakeFiles/cmnghttp2.dir/lib/nghttp2_option.c.o
[  8%] Building C object Utilities/cmnghttp2/CMakeFiles/cmnghttp2.dir/lib/nghttp2_outbound_item.c.o
[  8%] Building C object Utilities/cmnghttp2/CMakeFiles/cmnghttp2.dir/lib/nghttp2_pq.c.o
[  8%] Building C object Utilities/cmnghttp2/CMakeFiles/cmnghttp2.dir/lib/nghttp2_priority_spec.c.o
[  8%] Building C object Utilities/cmnghttp2/CMakeFiles/cmnghttp2.dir/lib/nghttp2_queue.c.o
[  9%] Building C object Utilities/cmnghttp2/CMakeFiles/cmnghttp2.dir/lib/nghttp2_rcbuf.c.o
[  9%] Building C object Utilities/cmnghttp2/CMakeFiles/cmnghttp2.dir/lib/nghttp2_session.c.o
[  9%] Building C object Utilities/cmnghttp2/CMakeFiles/cmnghttp2.dir/lib/nghttp2_stream.c.o
[  9%] Building C object Utilities/cmnghttp2/CMakeFiles/cmnghttp2.dir/lib/nghttp2_submit.c.o
[  9%] Building C object Utilities/cmnghttp2/CMakeFiles/cmnghttp2.dir/lib/nghttp2_version.c.o
[  9%] Linking C static library libcmnghttp2.a
[  9%] Built target cmnghttp2
Scanning dependencies of target cmcurl
[  9%] Building C object Utilities/cmcurl/lib/CMakeFiles/cmcurl.dir/altsvc.c.o
[  9%] Building C object Utilities/cmcurl/lib/CMakeFiles/cmcurl.dir/amigaos.c.o
[ 10%] Building C object Utilities/cmcurl/lib/CMakeFiles/cmcurl.dir/asyn-ares.c.o
[ 10%] Building C object Utilities/cmcurl/lib/CMakeFiles/cmcurl.dir/asyn-thread.c.o
[ 10%] Building C object Utilities/cmcurl/lib/CMakeFiles/cmcurl.dir/base64.c.o
[ 10%] Building C object Utilities/cmcurl/lib/CMakeFiles/cmcurl.dir/conncache.c.o
[ 10%] Building C object Utilities/cmcurl/lib/CMakeFiles/cmcurl.dir/connect.c.o
[ 10%] Building C object Utilities/cmcurl/lib/CMakeFiles/cmcurl.dir/content_encoding.c.o
[ 10%] Building C object Utilities/cmcurl/lib/CMakeFiles/cmcurl.dir/cookie.c.o
[ 10%] Building C object Utilities/cmcurl/lib/CMakeFiles/cmcurl.dir/curl_addrinfo.c.o
[ 10%] Building C object Utilities/cmcurl/lib/CMakeFiles/cmcurl.dir/curl_ctype.c.o
[ 10%] Building C object Utilities/cmcurl/lib/CMakeFiles/cmcurl.dir/curl_des.c.o
[ 11%] Building C object Utilities/cmcurl/lib/CMakeFiles/cmcurl.dir/curl_endian.c.o
[ 11%] Building C object Utilities/cmcurl/lib/CMakeFiles/cmcurl.dir/curl_fnmatch.c.o
[ 11%] Building C object Utilities/cmcurl/lib/CMakeFiles/cmcurl.dir/curl_get_line.c.o
[ 11%] Building C object Utilities/cmcurl/lib/CMakeFiles/cmcurl.dir/curl_gethostname.c.o
[ 11%] Building C object Utilities/cmcurl/lib/CMakeFiles/cmcurl.dir/curl_gssapi.c.o
[ 11%] Building C object Utilities/cmcurl/lib/CMakeFiles/cmcurl.dir/curl_memrchr.c.o
[ 11%] Building C object Utilities/cmcurl/lib/CMakeFiles/cmcurl.dir/curl_multibyte.c.o
[ 11%] Building C object Utilities/cmcurl/lib/CMakeFiles/cmcurl.dir/curl_ntlm_core.c.o
[ 11%] Building C object Utilities/cmcurl/lib/CMakeFiles/cmcurl.dir/curl_ntlm_wb.c.o
[ 11%] Building C object Utilities/cmcurl/lib/CMakeFiles/cmcurl.dir/curl_path.c.o
[ 12%] Building C object Utilities/cmcurl/lib/CMakeFiles/cmcurl.dir/curl_range.c.o
[ 12%] Building C object Utilities/cmcurl/lib/CMakeFiles/cmcurl.dir/curl_rtmp.c.o
[ 12%] Building C object Utilities/cmcurl/lib/CMakeFiles/cmcurl.dir/curl_sasl.c.o
[ 12%] Building C object Utilities/cmcurl/lib/CMakeFiles/cmcurl.dir/curl_sspi.c.o
[ 12%] Building C object Utilities/cmcurl/lib/CMakeFiles/cmcurl.dir/curl_threads.c.o
[ 12%] Building C object Utilities/cmcurl/lib/CMakeFiles/cmcurl.dir/dict.c.o
[ 12%] Building C object Utilities/cmcurl/lib/CMakeFiles/cmcurl.dir/dotdot.c.o
[ 12%] Building C object Utilities/cmcurl/lib/CMakeFiles/cmcurl.dir/easy.c.o
[ 12%] Building C object Utilities/cmcurl/lib/CMakeFiles/cmcurl.dir/escape.c.o
[ 12%] Building C object Utilities/cmcurl/lib/CMakeFiles/cmcurl.dir/file.c.o
[ 13%] Building C object Utilities/cmcurl/lib/CMakeFiles/cmcurl.dir/fileinfo.c.o
[ 13%] Building C object Utilities/cmcurl/lib/CMakeFiles/cmcurl.dir/formdata.c.o
[ 13%] Building C object Utilities/cmcurl/lib/CMakeFiles/cmcurl.dir/ftp.c.o
[ 13%] Building C object Utilities/cmcurl/lib/CMakeFiles/cmcurl.dir/url.c.o
[ 13%] Building C object Utilities/cmcurl/lib/CMakeFiles/cmcurl.dir/ftplistparser.c.o
[ 13%] Building C object Utilities/cmcurl/lib/CMakeFiles/cmcurl.dir/getenv.c.o
[ 13%] Building C object Utilities/cmcurl/lib/CMakeFiles/cmcurl.dir/getinfo.c.o
[ 13%] Building C object Utilities/cmcurl/lib/CMakeFiles/cmcurl.dir/gopher.c.o
[ 13%] Building C object Utilities/cmcurl/lib/CMakeFiles/cmcurl.dir/hash.c.o
[ 14%] Building C object Utilities/cmcurl/lib/CMakeFiles/cmcurl.dir/hmac.c.o
[ 14%] Building C object Utilities/cmcurl/lib/CMakeFiles/cmcurl.dir/hostasyn.c.o
[ 14%] Building C object Utilities/cmcurl/lib/CMakeFiles/cmcurl.dir/hostcheck.c.o
[ 14%] Building C object Utilities/cmcurl/lib/CMakeFiles/cmcurl.dir/hostip.c.o
[ 14%] Building C object Utilities/cmcurl/lib/CMakeFiles/cmcurl.dir/hostip4.c.o
[ 14%] Building C object Utilities/cmcurl/lib/CMakeFiles/cmcurl.dir/hostip6.c.o
[ 14%] Building C object Utilities/cmcurl/lib/CMakeFiles/cmcurl.dir/hostsyn.c.o
[ 14%] Building C object Utilities/cmcurl/lib/CMakeFiles/cmcurl.dir/http.c.o
[ 14%] Building C object Utilities/cmcurl/lib/CMakeFiles/cmcurl.dir/http2.c.o
[ 14%] Building C object Utilities/cmcurl/lib/CMakeFiles/cmcurl.dir/http_chunks.c.o
[ 15%] Building C object Utilities/cmcurl/lib/CMakeFiles/cmcurl.dir/http_digest.c.o
[ 15%] Building C object Utilities/cmcurl/lib/CMakeFiles/cmcurl.dir/http_negotiate.c.o
[ 15%] Building C object Utilities/cmcurl/lib/CMakeFiles/cmcurl.dir/http_ntlm.c.o
[ 15%] Building C object Utilities/cmcurl/lib/CMakeFiles/cmcurl.dir/http_proxy.c.o
[ 15%] Building C object Utilities/cmcurl/lib/CMakeFiles/cmcurl.dir/idn_win32.c.o
[ 15%] Building C object Utilities/cmcurl/lib/CMakeFiles/cmcurl.dir/if2ip.c.o
[ 15%] Building C object Utilities/cmcurl/lib/CMakeFiles/cmcurl.dir/imap.c.o
[ 15%] Building C object Utilities/cmcurl/lib/CMakeFiles/cmcurl.dir/inet_ntop.c.o
[ 15%] Building C object Utilities/cmcurl/lib/CMakeFiles/cmcurl.dir/inet_pton.c.o
[ 15%] Building C object Utilities/cmcurl/lib/CMakeFiles/cmcurl.dir/krb5.c.o
[ 16%] Building C object Utilities/cmcurl/lib/CMakeFiles/cmcurl.dir/ldap.c.o
[ 16%] Building C object Utilities/cmcurl/lib/CMakeFiles/cmcurl.dir/llist.c.o
[ 16%] Building C object Utilities/cmcurl/lib/CMakeFiles/cmcurl.dir/md4.c.o
[ 16%] Building C object Utilities/cmcurl/lib/CMakeFiles/cmcurl.dir/md5.c.o
[ 16%] Building C object Utilities/cmcurl/lib/CMakeFiles/cmcurl.dir/memdebug.c.o
[ 16%] Building C object Utilities/cmcurl/lib/CMakeFiles/cmcurl.dir/mime.c.o
[ 16%] Building C object Utilities/cmcurl/lib/CMakeFiles/cmcurl.dir/mprintf.c.o
[ 16%] Building C object Utilities/cmcurl/lib/CMakeFiles/cmcurl.dir/mqtt.c.o
[ 16%] Building C object Utilities/cmcurl/lib/CMakeFiles/cmcurl.dir/multi.c.o
[ 16%] Building C object Utilities/cmcurl/lib/CMakeFiles/cmcurl.dir/netrc.c.o
[ 17%] Building C object Utilities/cmcurl/lib/CMakeFiles/cmcurl.dir/non-ascii.c.o
[ 17%] Building C object Utilities/cmcurl/lib/CMakeFiles/cmcurl.dir/nonblock.c.o
[ 17%] Building C object Utilities/cmcurl/lib/CMakeFiles/cmcurl.dir/openldap.c.o
[ 17%] Building C object Utilities/cmcurl/lib/CMakeFiles/cmcurl.dir/parsedate.c.o
[ 17%] Building C object Utilities/cmcurl/lib/CMakeFiles/cmcurl.dir/pingpong.c.o
[ 17%] Building C object Utilities/cmcurl/lib/CMakeFiles/cmcurl.dir/pop3.c.o
[ 17%] Building C object Utilities/cmcurl/lib/CMakeFiles/cmcurl.dir/progress.c.o
[ 17%] Building C object Utilities/cmcurl/lib/CMakeFiles/cmcurl.dir/psl.c.o
[ 17%] Building C object Utilities/cmcurl/lib/CMakeFiles/cmcurl.dir/doh.c.o
[ 17%] Building C object Utilities/cmcurl/lib/CMakeFiles/cmcurl.dir/rand.c.o
[ 18%] Building C object Utilities/cmcurl/lib/CMakeFiles/cmcurl.dir/rename.c.o
[ 18%] Building C object Utilities/cmcurl/lib/CMakeFiles/cmcurl.dir/rtsp.c.o
[ 18%] Building C object Utilities/cmcurl/lib/CMakeFiles/cmcurl.dir/security.c.o
[ 18%] Building C object Utilities/cmcurl/lib/CMakeFiles/cmcurl.dir/select.c.o
[ 18%] Building C object Utilities/cmcurl/lib/CMakeFiles/cmcurl.dir/sendf.c.o
[ 18%] Building C object Utilities/cmcurl/lib/CMakeFiles/cmcurl.dir/setopt.c.o
[ 18%] Building C object Utilities/cmcurl/lib/CMakeFiles/cmcurl.dir/sha256.c.o
[ 18%] Building C object Utilities/cmcurl/lib/CMakeFiles/cmcurl.dir/share.c.o
[ 18%] Building C object Utilities/cmcurl/lib/CMakeFiles/cmcurl.dir/slist.c.o
[ 18%] Building C object Utilities/cmcurl/lib/CMakeFiles/cmcurl.dir/smb.c.o
[ 19%] Building C object Utilities/cmcurl/lib/CMakeFiles/cmcurl.dir/smtp.c.o
[ 19%] Building C object Utilities/cmcurl/lib/CMakeFiles/cmcurl.dir/socketpair.c.o
[ 19%] Building C object Utilities/cmcurl/lib/CMakeFiles/cmcurl.dir/socks.c.o
[ 19%] Building C object Utilities/cmcurl/lib/CMakeFiles/cmcurl.dir/socks_gssapi.c.o
[ 19%] Building C object Utilities/cmcurl/lib/CMakeFiles/cmcurl.dir/socks_sspi.c.o
[ 19%] Building C object Utilities/cmcurl/lib/CMakeFiles/cmcurl.dir/speedcheck.c.o
[ 19%] Building C object Utilities/cmcurl/lib/CMakeFiles/cmcurl.dir/splay.c.o
[ 19%] Building C object Utilities/cmcurl/lib/CMakeFiles/cmcurl.dir/strcase.c.o
[ 19%] Building C object Utilities/cmcurl/lib/CMakeFiles/cmcurl.dir/strdup.c.o
[ 19%] Building C object Utilities/cmcurl/lib/CMakeFiles/cmcurl.dir/strerror.c.o
[ 20%] Building C object Utilities/cmcurl/lib/CMakeFiles/cmcurl.dir/strtok.c.o
[ 20%] Building C object Utilities/cmcurl/lib/CMakeFiles/cmcurl.dir/strtoofft.c.o
[ 20%] Building C object Utilities/cmcurl/lib/CMakeFiles/cmcurl.dir/system_win32.c.o
[ 20%] Building C object Utilities/cmcurl/lib/CMakeFiles/cmcurl.dir/telnet.c.o
[ 20%] Building C object Utilities/cmcurl/lib/CMakeFiles/cmcurl.dir/tftp.c.o
[ 20%] Building C object Utilities/cmcurl/lib/CMakeFiles/cmcurl.dir/timeval.c.o
[ 20%] Building C object Utilities/cmcurl/lib/CMakeFiles/cmcurl.dir/transfer.c.o
[ 20%] Building C object Utilities/cmcurl/lib/CMakeFiles/cmcurl.dir/urlapi.c.o
[ 20%] Building C object Utilities/cmcurl/lib/CMakeFiles/cmcurl.dir/version.c.o
[ 21%] Building C object Utilities/cmcurl/lib/CMakeFiles/cmcurl.dir/warnless.c.o
[ 21%] Building C object Utilities/cmcurl/lib/CMakeFiles/cmcurl.dir/wildcard.c.o
[ 21%] Building C object Utilities/cmcurl/lib/CMakeFiles/cmcurl.dir/x509asn1.c.o
[ 21%] Building C object Utilities/cmcurl/lib/CMakeFiles/cmcurl.dir/dynbuf.c.o
[ 21%] Building C object Utilities/cmcurl/lib/CMakeFiles/cmcurl.dir/vauth/cleartext.c.o
[ 21%] Building C object Utilities/cmcurl/lib/CMakeFiles/cmcurl.dir/vauth/cram.c.o
[ 21%] Building C object Utilities/cmcurl/lib/CMakeFiles/cmcurl.dir/vauth/digest.c.o
[ 21%] Building C object Utilities/cmcurl/lib/CMakeFiles/cmcurl.dir/vauth/digest_sspi.c.o
[ 21%] Building C object Utilities/cmcurl/lib/CMakeFiles/cmcurl.dir/vauth/krb5_gssapi.c.o
[ 21%] Building C object Utilities/cmcurl/lib/CMakeFiles/cmcurl.dir/vauth/krb5_sspi.c.o
[ 22%] Building C object Utilities/cmcurl/lib/CMakeFiles/cmcurl.dir/vauth/ntlm.c.o
[ 22%] Building C object Utilities/cmcurl/lib/CMakeFiles/cmcurl.dir/vauth/ntlm_sspi.c.o
[ 22%] Building C object Utilities/cmcurl/lib/CMakeFiles/cmcurl.dir/vauth/oauth2.c.o
[ 22%] Building C object Utilities/cmcurl/lib/CMakeFiles/cmcurl.dir/vauth/spnego_gssapi.c.o
[ 22%] Building C object Utilities/cmcurl/lib/CMakeFiles/cmcurl.dir/vauth/spnego_sspi.c.o
[ 22%] Building C object Utilities/cmcurl/lib/CMakeFiles/cmcurl.dir/vauth/vauth.c.o
[ 22%] Building C object Utilities/cmcurl/lib/CMakeFiles/cmcurl.dir/vtls/bearssl.c.o
[ 22%] Building C object Utilities/cmcurl/lib/CMakeFiles/cmcurl.dir/vtls/gskit.c.o
[ 22%] Building C object Utilities/cmcurl/lib/CMakeFiles/cmcurl.dir/vtls/gtls.c.o
[ 22%] Building C object Utilities/cmcurl/lib/CMakeFiles/cmcurl.dir/vtls/keylog.c.o
[ 23%] Building C object Utilities/cmcurl/lib/CMakeFiles/cmcurl.dir/vtls/mbedtls.c.o
[ 23%] Building C object Utilities/cmcurl/lib/CMakeFiles/cmcurl.dir/vtls/mbedtls_threadlock.c.o
[ 23%] Building C object Utilities/cmcurl/lib/CMakeFiles/cmcurl.dir/vtls/mesalink.c.o
[ 23%] Building C object Utilities/cmcurl/lib/CMakeFiles/cmcurl.dir/vtls/nss.c.o
[ 23%] Building C object Utilities/cmcurl/lib/CMakeFiles/cmcurl.dir/vtls/openssl.c.o
[ 23%] Building C object Utilities/cmcurl/lib/CMakeFiles/cmcurl.dir/vtls/schannel.c.o
[ 23%] Building C object Utilities/cmcurl/lib/CMakeFiles/cmcurl.dir/vtls/schannel_verify.c.o
[ 23%] Building C object Utilities/cmcurl/lib/CMakeFiles/cmcurl.dir/vtls/sectransp.c.o
[ 23%] Building C object Utilities/cmcurl/lib/CMakeFiles/cmcurl.dir/vtls/vtls.c.o
[ 23%] Building C object Utilities/cmcurl/lib/CMakeFiles/cmcurl.dir/vtls/wolfssl.c.o
[ 24%] Building C object Utilities/cmcurl/lib/CMakeFiles/cmcurl.dir/vquic/ngtcp2.c.o
[ 24%] Building C object Utilities/cmcurl/lib/CMakeFiles/cmcurl.dir/vquic/quiche.c.o
[ 24%] Building C object Utilities/cmcurl/lib/CMakeFiles/cmcurl.dir/vquic/vquic.c.o
[ 24%] Building C object Utilities/cmcurl/lib/CMakeFiles/cmcurl.dir/vssh/libssh.c.o
[ 24%] Building C object Utilities/cmcurl/lib/CMakeFiles/cmcurl.dir/vssh/libssh2.c.o
[ 24%] Building C object Utilities/cmcurl/lib/CMakeFiles/cmcurl.dir/vssh/wolfssh.c.o
[ 24%] Linking C static library libcmcurl.a
[ 24%] Built target cmcurl
Scanning dependencies of target curltest
[ 24%] Building C object Utilities/cmcurl/CMakeFiles/curltest.dir/curltest.c.o
[ 24%] Linking C executable curltest
[ 24%] Built target curltest
Scanning dependencies of target cmexpat
[ 24%] Building C object Utilities/cmexpat/CMakeFiles/cmexpat.dir/lib/xmlparse.c.o
[ 24%] Building C object Utilities/cmexpat/CMakeFiles/cmexpat.dir/lib/xmlrole.c.o
[ 24%] Building C object Utilities/cmexpat/CMakeFiles/cmexpat.dir/lib/xmltok.c.o
[ 25%] Building C object Utilities/cmexpat/CMakeFiles/cmexpat.dir/lib/xmltok_impl.c.o
[ 25%] Building C object Utilities/cmexpat/CMakeFiles/cmexpat.dir/lib/xmltok_ns.c.o
[ 25%] Linking C static library libcmexpat.a
[ 25%] Built target cmexpat
Scanning dependencies of target cmbzip2
[ 26%] Building C object Utilities/cmbzip2/CMakeFiles/cmbzip2.dir/blocksort.c.o
[ 26%] Building C object Utilities/cmbzip2/CMakeFiles/cmbzip2.dir/huffman.c.o
[ 26%] Building C object Utilities/cmbzip2/CMakeFiles/cmbzip2.dir/crctable.c.o
[ 26%] Building C object Utilities/cmbzip2/CMakeFiles/cmbzip2.dir/randtable.c.o
[ 26%] Building C object Utilities/cmbzip2/CMakeFiles/cmbzip2.dir/compress.c.o
[ 26%] Building C object Utilities/cmbzip2/CMakeFiles/cmbzip2.dir/decompress.c.o
[ 26%] Building C object Utilities/cmbzip2/CMakeFiles/cmbzip2.dir/bzlib.c.o
[ 26%] Linking C static library libcmbzip2.a
[ 26%] Built target cmbzip2
Scanning dependencies of target cmzstd
[ 26%] Building C object Utilities/cmzstd/CMakeFiles/cmzstd.dir/lib/common/entropy_common.c.o
[ 26%] Building C object Utilities/cmzstd/CMakeFiles/cmzstd.dir/lib/common/error_private.c.o
[ 27%] Building C object Utilities/cmzstd/CMakeFiles/cmzstd.dir/lib/common/fse_decompress.c.o
[ 27%] Building C object Utilities/cmzstd/CMakeFiles/cmzstd.dir/lib/common/pool.c.o
[ 27%] Building C object Utilities/cmzstd/CMakeFiles/cmzstd.dir/lib/common/threading.c.o
[ 27%] Building C object Utilities/cmzstd/CMakeFiles/cmzstd.dir/lib/common/xxhash.c.o
[ 27%] Building C object Utilities/cmzstd/CMakeFiles/cmzstd.dir/lib/common/zstd_common.c.o
[ 27%] Building C object Utilities/cmzstd/CMakeFiles/cmzstd.dir/lib/compress/fse_compress.c.o
[ 27%] Building C object Utilities/cmzstd/CMakeFiles/cmzstd.dir/lib/compress/hist.c.o
[ 27%] Building C object Utilities/cmzstd/CMakeFiles/cmzstd.dir/lib/compress/huf_compress.c.o
[ 27%] Building C object Utilities/cmzstd/CMakeFiles/cmzstd.dir/lib/compress/zstd_compress.c.o
[ 27%] Building C object Utilities/cmzstd/CMakeFiles/cmzstd.dir/lib/compress/zstd_double_fast.c.o
[ 28%] Building C object Utilities/cmzstd/CMakeFiles/cmzstd.dir/lib/compress/zstd_fast.c.o
[ 28%] Building C object Utilities/cmzstd/CMakeFiles/cmzstd.dir/lib/compress/zstd_lazy.c.o
[ 28%] Building C object Utilities/cmzstd/CMakeFiles/cmzstd.dir/lib/compress/zstd_ldm.c.o
[ 28%] Building C object Utilities/cmzstd/CMakeFiles/cmzstd.dir/lib/compress/zstdmt_compress.c.o
[ 28%] Building C object Utilities/cmzstd/CMakeFiles/cmzstd.dir/lib/compress/zstd_opt.c.o
[ 28%] Building C object Utilities/cmzstd/CMakeFiles/cmzstd.dir/lib/decompress/huf_decompress.c.o
[ 28%] Building C object Utilities/cmzstd/CMakeFiles/cmzstd.dir/lib/decompress/zstd_ddict.c.o
[ 28%] Building C object Utilities/cmzstd/CMakeFiles/cmzstd.dir/lib/decompress/zstd_decompress_block.c.o
[ 28%] Building C object Utilities/cmzstd/CMakeFiles/cmzstd.dir/lib/decompress/zstd_decompress.c.o
[ 28%] Building C object Utilities/cmzstd/CMakeFiles/cmzstd.dir/lib/deprecated/zbuff_common.c.o
[ 29%] Building C object Utilities/cmzstd/CMakeFiles/cmzstd.dir/lib/deprecated/zbuff_compress.c.o
[ 29%] Building C object Utilities/cmzstd/CMakeFiles/cmzstd.dir/lib/deprecated/zbuff_decompress.c.o
[ 29%] Building C object Utilities/cmzstd/CMakeFiles/cmzstd.dir/lib/dictBuilder/cover.c.o
[ 29%] Building C object Utilities/cmzstd/CMakeFiles/cmzstd.dir/lib/dictBuilder/divsufsort.c.o
[ 29%] Building C object Utilities/cmzstd/CMakeFiles/cmzstd.dir/lib/dictBuilder/fastcover.c.o
[ 29%] Building C object Utilities/cmzstd/CMakeFiles/cmzstd.dir/lib/dictBuilder/zdict.c.o
[ 29%] Linking C static library libcmzstd.a
[ 29%] Built target cmzstd
Scanning dependencies of target cmliblzma
[ 29%] Building C object Utilities/cmliblzma/CMakeFiles/cmliblzma.dir/liblzma/check/check.c.o
[ 30%] Building C object Utilities/cmliblzma/CMakeFiles/cmliblzma.dir/liblzma/check/crc32_fast.c.o
[ 30%] Building C object Utilities/cmliblzma/CMakeFiles/cmliblzma.dir/liblzma/check/crc32_table.c.o
[ 30%] Building C object Utilities/cmliblzma/CMakeFiles/cmliblzma.dir/liblzma/check/crc64_fast.c.o
[ 30%] Building C object Utilities/cmliblzma/CMakeFiles/cmliblzma.dir/liblzma/check/crc64_table.c.o
[ 30%] Building C object Utilities/cmliblzma/CMakeFiles/cmliblzma.dir/liblzma/check/sha256.c.o
[ 30%] Building C object Utilities/cmliblzma/CMakeFiles/cmliblzma.dir/liblzma/common/alone_decoder.c.o
[ 30%] Building C object Utilities/cmliblzma/CMakeFiles/cmliblzma.dir/liblzma/common/alone_encoder.c.o
[ 30%] Building C object Utilities/cmliblzma/CMakeFiles/cmliblzma.dir/liblzma/common/auto_decoder.c.o
[ 30%] Building C object Utilities/cmliblzma/CMakeFiles/cmliblzma.dir/liblzma/common/block_buffer_decoder.c.o
[ 30%] Building C object Utilities/cmliblzma/CMakeFiles/cmliblzma.dir/liblzma/common/block_buffer_encoder.c.o
[ 31%] Building C object Utilities/cmliblzma/CMakeFiles/cmliblzma.dir/liblzma/common/block_decoder.c.o
[ 31%] Building C object Utilities/cmliblzma/CMakeFiles/cmliblzma.dir/liblzma/common/block_encoder.c.o
[ 31%] Building C object Utilities/cmliblzma/CMakeFiles/cmliblzma.dir/liblzma/common/block_header_decoder.c.o
[ 31%] Building C object Utilities/cmliblzma/CMakeFiles/cmliblzma.dir/liblzma/common/block_header_encoder.c.o
[ 31%] Building C object Utilities/cmliblzma/CMakeFiles/cmliblzma.dir/liblzma/common/block_util.c.o
[ 31%] Building C object Utilities/cmliblzma/CMakeFiles/cmliblzma.dir/liblzma/common/common.c.o
[ 31%] Building C object Utilities/cmliblzma/CMakeFiles/cmliblzma.dir/liblzma/common/easy_buffer_encoder.c.o
[ 31%] Building C object Utilities/cmliblzma/CMakeFiles/cmliblzma.dir/liblzma/common/easy_decoder_memusage.c.o
[ 31%] Building C object Utilities/cmliblzma/CMakeFiles/cmliblzma.dir/liblzma/common/easy_encoder.c.o
[ 31%] Building C object Utilities/cmliblzma/CMakeFiles/cmliblzma.dir/liblzma/common/easy_encoder_memusage.c.o
[ 32%] Building C object Utilities/cmliblzma/CMakeFiles/cmliblzma.dir/liblzma/common/easy_preset.c.o
[ 32%] Building C object Utilities/cmliblzma/CMakeFiles/cmliblzma.dir/liblzma/common/filter_buffer_decoder.c.o
[ 32%] Building C object Utilities/cmliblzma/CMakeFiles/cmliblzma.dir/liblzma/common/filter_buffer_encoder.c.o
[ 32%] Building C object Utilities/cmliblzma/CMakeFiles/cmliblzma.dir/liblzma/common/filter_common.c.o
[ 32%] Building C object Utilities/cmliblzma/CMakeFiles/cmliblzma.dir/liblzma/common/filter_decoder.c.o
[ 32%] Building C object Utilities/cmliblzma/CMakeFiles/cmliblzma.dir/liblzma/common/filter_encoder.c.o
[ 32%] Building C object Utilities/cmliblzma/CMakeFiles/cmliblzma.dir/liblzma/common/filter_flags_decoder.c.o
[ 32%] Building C object Utilities/cmliblzma/CMakeFiles/cmliblzma.dir/liblzma/common/filter_flags_encoder.c.o
[ 32%] Building C object Utilities/cmliblzma/CMakeFiles/cmliblzma.dir/liblzma/common/index.c.o
[ 33%] Building C object Utilities/cmliblzma/CMakeFiles/cmliblzma.dir/liblzma/common/index_decoder.c.o
[ 33%] Building C object Utilities/cmliblzma/CMakeFiles/cmliblzma.dir/liblzma/common/index_encoder.c.o
[ 33%] Building C object Utilities/cmliblzma/CMakeFiles/cmliblzma.dir/liblzma/common/index_hash.c.o
[ 33%] Building C object Utilities/cmliblzma/CMakeFiles/cmliblzma.dir/liblzma/common/stream_buffer_decoder.c.o
[ 33%] Building C object Utilities/cmliblzma/CMakeFiles/cmliblzma.dir/liblzma/common/stream_buffer_encoder.c.o
[ 33%] Building C object Utilities/cmliblzma/CMakeFiles/cmliblzma.dir/liblzma/common/stream_decoder.c.o
[ 33%] Building C object Utilities/cmliblzma/CMakeFiles/cmliblzma.dir/liblzma/common/stream_encoder.c.o
[ 33%] Building C object Utilities/cmliblzma/CMakeFiles/cmliblzma.dir/liblzma/common/stream_flags_common.c.o
[ 33%] Building C object Utilities/cmliblzma/CMakeFiles/cmliblzma.dir/liblzma/common/stream_flags_decoder.c.o
[ 33%] Building C object Utilities/cmliblzma/CMakeFiles/cmliblzma.dir/liblzma/common/stream_flags_encoder.c.o
[ 34%] Building C object Utilities/cmliblzma/CMakeFiles/cmliblzma.dir/liblzma/common/vli_decoder.c.o
[ 34%] Building C object Utilities/cmliblzma/CMakeFiles/cmliblzma.dir/liblzma/common/vli_encoder.c.o
[ 34%] Building C object Utilities/cmliblzma/CMakeFiles/cmliblzma.dir/liblzma/common/vli_size.c.o
[ 34%] Building C object Utilities/cmliblzma/CMakeFiles/cmliblzma.dir/liblzma/delta/delta_common.c.o
[ 34%] Building C object Utilities/cmliblzma/CMakeFiles/cmliblzma.dir/liblzma/delta/delta_decoder.c.o
[ 34%] Building C object Utilities/cmliblzma/CMakeFiles/cmliblzma.dir/liblzma/delta/delta_encoder.c.o
[ 34%] Building C object Utilities/cmliblzma/CMakeFiles/cmliblzma.dir/liblzma/lz/lz_decoder.c.o
[ 34%] Building C object Utilities/cmliblzma/CMakeFiles/cmliblzma.dir/liblzma/lz/lz_encoder.c.o
[ 34%] Building C object Utilities/cmliblzma/CMakeFiles/cmliblzma.dir/liblzma/lz/lz_encoder_mf.c.o
[ 34%] Building C object Utilities/cmliblzma/CMakeFiles/cmliblzma.dir/liblzma/lzma/fastpos_table.c.o
[ 35%] Building C object Utilities/cmliblzma/CMakeFiles/cmliblzma.dir/liblzma/lzma/lzma2_decoder.c.o
[ 35%] Building C object Utilities/cmliblzma/CMakeFiles/cmliblzma.dir/liblzma/lzma/lzma2_encoder.c.o
[ 35%] Building C object Utilities/cmliblzma/CMakeFiles/cmliblzma.dir/liblzma/lzma/lzma_decoder.c.o
[ 35%] Building C object Utilities/cmliblzma/CMakeFiles/cmliblzma.dir/liblzma/lzma/lzma_encoder.c.o
[ 35%] Building C object Utilities/cmliblzma/CMakeFiles/cmliblzma.dir/liblzma/lzma/lzma_encoder_optimum_fast.c.o
[ 35%] Building C object Utilities/cmliblzma/CMakeFiles/cmliblzma.dir/liblzma/lzma/lzma_encoder_optimum_normal.c.o
[ 35%] Building C object Utilities/cmliblzma/CMakeFiles/cmliblzma.dir/liblzma/lzma/lzma_encoder_presets.c.o
[ 35%] Building C object Utilities/cmliblzma/CMakeFiles/cmliblzma.dir/liblzma/rangecoder/price_table.c.o
[ 35%] Building C object Utilities/cmliblzma/CMakeFiles/cmliblzma.dir/liblzma/simple/arm.c.o
[ 35%] Building C object Utilities/cmliblzma/CMakeFiles/cmliblzma.dir/liblzma/simple/armthumb.c.o
[ 36%] Building C object Utilities/cmliblzma/CMakeFiles/cmliblzma.dir/liblzma/simple/ia64.c.o
[ 36%] Building C object Utilities/cmliblzma/CMakeFiles/cmliblzma.dir/liblzma/simple/powerpc.c.o
[ 36%] Building C object Utilities/cmliblzma/CMakeFiles/cmliblzma.dir/liblzma/simple/simple_coder.c.o
[ 36%] Building C object Utilities/cmliblzma/CMakeFiles/cmliblzma.dir/liblzma/simple/simple_decoder.c.o
[ 36%] Building C object Utilities/cmliblzma/CMakeFiles/cmliblzma.dir/liblzma/simple/simple_encoder.c.o
[ 36%] Building C object Utilities/cmliblzma/CMakeFiles/cmliblzma.dir/liblzma/simple/sparc.c.o
[ 36%] Building C object Utilities/cmliblzma/CMakeFiles/cmliblzma.dir/liblzma/simple/x86.c.o
[ 36%] Linking C static library libcmliblzma.a
[ 36%] Built target cmliblzma
Scanning dependencies of target cmlibarchive
[ 36%] Building C object Utilities/cmlibarchive/libarchive/CMakeFiles/cmlibarchive.dir/archive_acl.c.o
[ 36%] Building C object Utilities/cmlibarchive/libarchive/CMakeFiles/cmlibarchive.dir/archive_check_magic.c.o
[ 36%] Building C object Utilities/cmlibarchive/libarchive/CMakeFiles/cmlibarchive.dir/archive_cmdline.c.o
[ 37%] Building C object Utilities/cmlibarchive/libarchive/CMakeFiles/cmlibarchive.dir/archive_cryptor.c.o
[ 37%] Building C object Utilities/cmlibarchive/libarchive/CMakeFiles/cmlibarchive.dir/archive_digest.c.o
[ 37%] Building C object Utilities/cmlibarchive/libarchive/CMakeFiles/cmlibarchive.dir/archive_entry.c.o
[ 37%] Building C object Utilities/cmlibarchive/libarchive/CMakeFiles/cmlibarchive.dir/archive_entry_copy_stat.c.o
[ 37%] Building C object Utilities/cmlibarchive/libarchive/CMakeFiles/cmlibarchive.dir/archive_entry_link_resolver.c.o
[ 37%] Building C object Utilities/cmlibarchive/libarchive/CMakeFiles/cmlibarchive.dir/archive_entry_sparse.c.o
[ 37%] Building C object Utilities/cmlibarchive/libarchive/CMakeFiles/cmlibarchive.dir/archive_entry_stat.c.o
[ 37%] Building C object Utilities/cmlibarchive/libarchive/CMakeFiles/cmlibarchive.dir/archive_entry_strmode.c.o
[ 37%] Building C object Utilities/cmlibarchive/libarchive/CMakeFiles/cmlibarchive.dir/archive_entry_xattr.c.o
[ 38%] Building C object Utilities/cmlibarchive/libarchive/CMakeFiles/cmlibarchive.dir/archive_getdate.c.o
[ 38%] Building C object Utilities/cmlibarchive/libarchive/CMakeFiles/cmlibarchive.dir/archive_hmac.c.o
[ 38%] Building C object Utilities/cmlibarchive/libarchive/CMakeFiles/cmlibarchive.dir/archive_match.c.o
[ 38%] Building C object Utilities/cmlibarchive/libarchive/CMakeFiles/cmlibarchive.dir/archive_options.c.o
[ 38%] Building C object Utilities/cmlibarchive/libarchive/CMakeFiles/cmlibarchive.dir/archive_pack_dev.c.o
[ 38%] Building C object Utilities/cmlibarchive/libarchive/CMakeFiles/cmlibarchive.dir/archive_pathmatch.c.o
[ 38%] Building C object Utilities/cmlibarchive/libarchive/CMakeFiles/cmlibarchive.dir/archive_ppmd8.c.o
[ 38%] Building C object Utilities/cmlibarchive/libarchive/CMakeFiles/cmlibarchive.dir/archive_ppmd7.c.o
[ 38%] Building C object Utilities/cmlibarchive/libarchive/CMakeFiles/cmlibarchive.dir/archive_random.c.o
[ 38%] Building C object Utilities/cmlibarchive/libarchive/CMakeFiles/cmlibarchive.dir/archive_rb.c.o
[ 39%] Building C object Utilities/cmlibarchive/libarchive/CMakeFiles/cmlibarchive.dir/archive_read.c.o
[ 39%] Building C object Utilities/cmlibarchive/libarchive/CMakeFiles/cmlibarchive.dir/archive_read_add_passphrase.c.o
[ 39%] Building C object Utilities/cmlibarchive/libarchive/CMakeFiles/cmlibarchive.dir/archive_read_append_filter.c.o
[ 39%] Building C object Utilities/cmlibarchive/libarchive/CMakeFiles/cmlibarchive.dir/archive_read_data_into_fd.c.o
[ 39%] Building C object Utilities/cmlibarchive/libarchive/CMakeFiles/cmlibarchive.dir/archive_read_disk_entry_from_file.c.o
[ 39%] Building C object Utilities/cmlibarchive/libarchive/CMakeFiles/cmlibarchive.dir/archive_read_disk_posix.c.o
[ 39%] Building C object Utilities/cmlibarchive/libarchive/CMakeFiles/cmlibarchive.dir/archive_read_disk_set_standard_lookup.c.o
[ 39%] Building C object Utilities/cmlibarchive/libarchive/CMakeFiles/cmlibarchive.dir/archive_read_extract.c.o
[ 39%] Building C object Utilities/cmlibarchive/libarchive/CMakeFiles/cmlibarchive.dir/archive_read_extract2.c.o
[ 39%] Building C object Utilities/cmlibarchive/libarchive/CMakeFiles/cmlibarchive.dir/archive_read_open_fd.c.o
[ 40%] Building C object Utilities/cmlibarchive/libarchive/CMakeFiles/cmlibarchive.dir/archive_read_open_file.c.o
[ 40%] Building C object Utilities/cmlibarchive/libarchive/CMakeFiles/cmlibarchive.dir/archive_read_open_filename.c.o
[ 40%] Building C object Utilities/cmlibarchive/libarchive/CMakeFiles/cmlibarchive.dir/archive_read_open_memory.c.o
[ 40%] Building C object Utilities/cmlibarchive/libarchive/CMakeFiles/cmlibarchive.dir/archive_read_set_format.c.o
[ 40%] Building C object Utilities/cmlibarchive/libarchive/CMakeFiles/cmlibarchive.dir/archive_read_set_options.c.o
[ 40%] Building C object Utilities/cmlibarchive/libarchive/CMakeFiles/cmlibarchive.dir/archive_read_support_filter_all.c.o
[ 40%] Building C object Utilities/cmlibarchive/libarchive/CMakeFiles/cmlibarchive.dir/archive_read_support_filter_bzip2.c.o
[ 40%] Building C object Utilities/cmlibarchive/libarchive/CMakeFiles/cmlibarchive.dir/archive_read_support_filter_compress.c.o
[ 40%] Building C object Utilities/cmlibarchive/libarchive/CMakeFiles/cmlibarchive.dir/archive_read_support_filter_gzip.c.o
[ 40%] Building C object Utilities/cmlibarchive/libarchive/CMakeFiles/cmlibarchive.dir/archive_read_support_filter_grzip.c.o
[ 41%] Building C object Utilities/cmlibarchive/libarchive/CMakeFiles/cmlibarchive.dir/archive_read_support_filter_lrzip.c.o
[ 41%] Building C object Utilities/cmlibarchive/libarchive/CMakeFiles/cmlibarchive.dir/archive_read_support_filter_lz4.c.o
[ 41%] Building C object Utilities/cmlibarchive/libarchive/CMakeFiles/cmlibarchive.dir/archive_read_support_filter_lzop.c.o
[ 41%] Building C object Utilities/cmlibarchive/libarchive/CMakeFiles/cmlibarchive.dir/archive_read_support_filter_none.c.o
[ 41%] Building C object Utilities/cmlibarchive/libarchive/CMakeFiles/cmlibarchive.dir/archive_read_support_filter_program.c.o
[ 41%] Building C object Utilities/cmlibarchive/libarchive/CMakeFiles/cmlibarchive.dir/archive_read_support_filter_rpm.c.o
[ 41%] Building C object Utilities/cmlibarchive/libarchive/CMakeFiles/cmlibarchive.dir/archive_read_support_filter_uu.c.o
[ 41%] Building C object Utilities/cmlibarchive/libarchive/CMakeFiles/cmlibarchive.dir/archive_read_support_filter_xz.c.o
[ 41%] Building C object Utilities/cmlibarchive/libarchive/CMakeFiles/cmlibarchive.dir/archive_read_support_filter_zstd.c.o
[ 41%] Building C object Utilities/cmlibarchive/libarchive/CMakeFiles/cmlibarchive.dir/archive_read_support_format_7zip.c.o
[ 42%] Building C object Utilities/cmlibarchive/libarchive/CMakeFiles/cmlibarchive.dir/archive_read_support_format_all.c.o
[ 42%] Building C object Utilities/cmlibarchive/libarchive/CMakeFiles/cmlibarchive.dir/archive_read_support_format_ar.c.o
[ 42%] Building C object Utilities/cmlibarchive/libarchive/CMakeFiles/cmlibarchive.dir/archive_read_support_format_by_code.c.o
[ 42%] Building C object Utilities/cmlibarchive/libarchive/CMakeFiles/cmlibarchive.dir/archive_read_support_format_cab.c.o
[ 42%] Building C object Utilities/cmlibarchive/libarchive/CMakeFiles/cmlibarchive.dir/archive_read_support_format_cpio.c.o
[ 42%] Building C object Utilities/cmlibarchive/libarchive/CMakeFiles/cmlibarchive.dir/archive_read_support_format_empty.c.o
[ 42%] Building C object Utilities/cmlibarchive/libarchive/CMakeFiles/cmlibarchive.dir/archive_read_support_format_iso9660.c.o
[ 42%] Building C object Utilities/cmlibarchive/libarchive/CMakeFiles/cmlibarchive.dir/archive_read_support_format_lha.c.o
[ 42%] Building C object Utilities/cmlibarchive/libarchive/CMakeFiles/cmlibarchive.dir/archive_read_support_format_mtree.c.o
[ 42%] Building C object Utilities/cmlibarchive/libarchive/CMakeFiles/cmlibarchive.dir/archive_read_support_format_rar.c.o
[ 43%] Building C object Utilities/cmlibarchive/libarchive/CMakeFiles/cmlibarchive.dir/archive_read_support_format_rar5.c.o
[ 43%] Building C object Utilities/cmlibarchive/libarchive/CMakeFiles/cmlibarchive.dir/archive_read_support_format_raw.c.o
[ 43%] Building C object Utilities/cmlibarchive/libarchive/CMakeFiles/cmlibarchive.dir/archive_read_support_format_tar.c.o
[ 43%] Building C object Utilities/cmlibarchive/libarchive/CMakeFiles/cmlibarchive.dir/archive_read_support_format_warc.c.o
[ 43%] Building C object Utilities/cmlibarchive/libarchive/CMakeFiles/cmlibarchive.dir/archive_read_support_format_xar.c.o
[ 43%] Building C object Utilities/cmlibarchive/libarchive/CMakeFiles/cmlibarchive.dir/archive_read_support_format_zip.c.o
[ 43%] Building C object Utilities/cmlibarchive/libarchive/CMakeFiles/cmlibarchive.dir/archive_string.c.o
[ 43%] Building C object Utilities/cmlibarchive/libarchive/CMakeFiles/cmlibarchive.dir/archive_string_sprintf.c.o
[ 43%] Building C object Utilities/cmlibarchive/libarchive/CMakeFiles/cmlibarchive.dir/archive_util.c.o
[ 43%] Building C object Utilities/cmlibarchive/libarchive/CMakeFiles/cmlibarchive.dir/archive_version_details.c.o
[ 44%] Building C object Utilities/cmlibarchive/libarchive/CMakeFiles/cmlibarchive.dir/archive_virtual.c.o
[ 44%] Building C object Utilities/cmlibarchive/libarchive/CMakeFiles/cmlibarchive.dir/archive_write.c.o
[ 44%] Building C object Utilities/cmlibarchive/libarchive/CMakeFiles/cmlibarchive.dir/archive_write_disk_posix.c.o
[ 44%] Building C object Utilities/cmlibarchive/libarchive/CMakeFiles/cmlibarchive.dir/archive_write_disk_set_standard_lookup.c.o
[ 44%] Building C object Utilities/cmlibarchive/libarchive/CMakeFiles/cmlibarchive.dir/archive_write_open_fd.c.o
[ 44%] Building C object Utilities/cmlibarchive/libarchive/CMakeFiles/cmlibarchive.dir/archive_write_open_file.c.o
[ 44%] Building C object Utilities/cmlibarchive/libarchive/CMakeFiles/cmlibarchive.dir/archive_write_open_filename.c.o
[ 44%] Building C object Utilities/cmlibarchive/libarchive/CMakeFiles/cmlibarchive.dir/archive_write_open_memory.c.o
[ 44%] Building C object Utilities/cmlibarchive/libarchive/CMakeFiles/cmlibarchive.dir/archive_write_add_filter.c.o
[ 45%] Building C object Utilities/cmlibarchive/libarchive/CMakeFiles/cmlibarchive.dir/archive_write_add_filter_b64encode.c.o
[ 45%] Building C object Utilities/cmlibarchive/libarchive/CMakeFiles/cmlibarchive.dir/archive_write_add_filter_by_name.c.o
[ 45%] Building C object Utilities/cmlibarchive/libarchive/CMakeFiles/cmlibarchive.dir/archive_write_add_filter_bzip2.c.o
[ 45%] Building C object Utilities/cmlibarchive/libarchive/CMakeFiles/cmlibarchive.dir/archive_write_add_filter_compress.c.o
[ 45%] Building C object Utilities/cmlibarchive/libarchive/CMakeFiles/cmlibarchive.dir/archive_write_add_filter_grzip.c.o
[ 45%] Building C object Utilities/cmlibarchive/libarchive/CMakeFiles/cmlibarchive.dir/archive_write_add_filter_gzip.c.o
[ 45%] Building C object Utilities/cmlibarchive/libarchive/CMakeFiles/cmlibarchive.dir/archive_write_add_filter_lrzip.c.o
[ 45%] Building C object Utilities/cmlibarchive/libarchive/CMakeFiles/cmlibarchive.dir/archive_write_add_filter_lz4.c.o
[ 45%] Building C object Utilities/cmlibarchive/libarchive/CMakeFiles/cmlibarchive.dir/archive_write_add_filter_lzop.c.o
[ 45%] Building C object Utilities/cmlibarchive/libarchive/CMakeFiles/cmlibarchive.dir/archive_write_add_filter_none.c.o
[ 46%] Building C object Utilities/cmlibarchive/libarchive/CMakeFiles/cmlibarchive.dir/archive_write_add_filter_program.c.o
[ 46%] Building C object Utilities/cmlibarchive/libarchive/CMakeFiles/cmlibarchive.dir/archive_write_add_filter_uuencode.c.o
[ 46%] Building C object Utilities/cmlibarchive/libarchive/CMakeFiles/cmlibarchive.dir/archive_write_add_filter_xz.c.o
[ 46%] Building C object Utilities/cmlibarchive/libarchive/CMakeFiles/cmlibarchive.dir/archive_write_add_filter_zstd.c.o
[ 46%] Building C object Utilities/cmlibarchive/libarchive/CMakeFiles/cmlibarchive.dir/archive_write_set_format.c.o
[ 46%] Building C object Utilities/cmlibarchive/libarchive/CMakeFiles/cmlibarchive.dir/archive_write_set_format_7zip.c.o
[ 46%] Building C object Utilities/cmlibarchive/libarchive/CMakeFiles/cmlibarchive.dir/archive_write_set_format_ar.c.o
[ 46%] Building C object Utilities/cmlibarchive/libarchive/CMakeFiles/cmlibarchive.dir/archive_write_set_format_by_name.c.o
[ 46%] Building C object Utilities/cmlibarchive/libarchive/CMakeFiles/cmlibarchive.dir/archive_write_set_format_cpio.c.o
[ 46%] Building C object Utilities/cmlibarchive/libarchive/CMakeFiles/cmlibarchive.dir/archive_write_set_format_cpio_newc.c.o
[ 47%] Building C object Utilities/cmlibarchive/libarchive/CMakeFiles/cmlibarchive.dir/archive_write_set_format_filter_by_ext.c.o
[ 47%] Building C object Utilities/cmlibarchive/libarchive/CMakeFiles/cmlibarchive.dir/archive_write_set_format_gnutar.c.o
[ 47%] Building C object Utilities/cmlibarchive/libarchive/CMakeFiles/cmlibarchive.dir/archive_write_set_format_iso9660.c.o
[ 47%] Building C object Utilities/cmlibarchive/libarchive/CMakeFiles/cmlibarchive.dir/archive_write_set_format_mtree.c.o
[ 47%] Building C object Utilities/cmlibarchive/libarchive/CMakeFiles/cmlibarchive.dir/archive_write_set_format_pax.c.o
[ 47%] Building C object Utilities/cmlibarchive/libarchive/CMakeFiles/cmlibarchive.dir/archive_write_set_format_raw.c.o
[ 47%] Building C object Utilities/cmlibarchive/libarchive/CMakeFiles/cmlibarchive.dir/archive_write_set_format_shar.c.o
[ 47%] Building C object Utilities/cmlibarchive/libarchive/CMakeFiles/cmlibarchive.dir/archive_write_set_format_ustar.c.o
[ 47%] Building C object Utilities/cmlibarchive/libarchive/CMakeFiles/cmlibarchive.dir/archive_write_set_format_v7tar.c.o
[ 47%] Building C object Utilities/cmlibarchive/libarchive/CMakeFiles/cmlibarchive.dir/archive_write_set_format_warc.c.o
[ 48%] Building C object Utilities/cmlibarchive/libarchive/CMakeFiles/cmlibarchive.dir/archive_write_set_format_xar.c.o
[ 48%] Building C object Utilities/cmlibarchive/libarchive/CMakeFiles/cmlibarchive.dir/archive_write_set_format_zip.c.o
[ 48%] Building C object Utilities/cmlibarchive/libarchive/CMakeFiles/cmlibarchive.dir/archive_write_set_options.c.o
[ 48%] Building C object Utilities/cmlibarchive/libarchive/CMakeFiles/cmlibarchive.dir/archive_write_set_passphrase.c.o
[ 48%] Building C object Utilities/cmlibarchive/libarchive/CMakeFiles/cmlibarchive.dir/filter_fork_posix.c.o
[ 48%] Building C object Utilities/cmlibarchive/libarchive/CMakeFiles/cmlibarchive.dir/xxhash.c.o
[ 48%] Building C object Utilities/cmlibarchive/libarchive/CMakeFiles/cmlibarchive.dir/archive_blake2sp_ref.c.o
[ 48%] Building C object Utilities/cmlibarchive/libarchive/CMakeFiles/cmlibarchive.dir/archive_blake2s_ref.c.o
[ 48%] Linking C static library libcmlibarchive.a
[ 48%] Built target cmlibarchive
Scanning dependencies of target cmjsoncpp
[ 48%] Building CXX object Utilities/cmjsoncpp/CMakeFiles/cmjsoncpp.dir/src/lib_json/json_reader.cpp.o
[ 48%] Building CXX object Utilities/cmjsoncpp/CMakeFiles/cmjsoncpp.dir/src/lib_json/json_value.cpp.o
[ 48%] Building CXX object Utilities/cmjsoncpp/CMakeFiles/cmjsoncpp.dir/src/lib_json/json_writer.cpp.o
[ 48%] Linking CXX static library libcmjsoncpp.a
[ 48%] Built target cmjsoncpp
Scanning dependencies of target cmlibuv
[ 48%] Building C object Utilities/cmlibuv/CMakeFiles/cmlibuv.dir/src/fs-poll.c.o
[ 48%] Building C object Utilities/cmlibuv/CMakeFiles/cmlibuv.dir/src/idna.c.o
[ 49%] Building C object Utilities/cmlibuv/CMakeFiles/cmlibuv.dir/src/inet.c.o
[ 49%] Building C object Utilities/cmlibuv/CMakeFiles/cmlibuv.dir/src/strscpy.c.o
[ 49%] Building C object Utilities/cmlibuv/CMakeFiles/cmlibuv.dir/src/threadpool.c.o
[ 49%] Building C object Utilities/cmlibuv/CMakeFiles/cmlibuv.dir/src/timer.c.o
[ 49%] Building C object Utilities/cmlibuv/CMakeFiles/cmlibuv.dir/src/uv-common.c.o
[ 49%] Building C object Utilities/cmlibuv/CMakeFiles/cmlibuv.dir/src/uv-data-getter-setters.c.o
[ 49%] Building C object Utilities/cmlibuv/CMakeFiles/cmlibuv.dir/src/version.c.o
[ 49%] Building C object Utilities/cmlibuv/CMakeFiles/cmlibuv.dir/src/unix/async.c.o
[ 49%] Building C object Utilities/cmlibuv/CMakeFiles/cmlibuv.dir/src/unix/core.c.o
[ 50%] Building C object Utilities/cmlibuv/CMakeFiles/cmlibuv.dir/src/unix/dl.c.o
[ 50%] Building C object Utilities/cmlibuv/CMakeFiles/cmlibuv.dir/src/unix/fs.c.o
[ 50%] Building C object Utilities/cmlibuv/CMakeFiles/cmlibuv.dir/src/unix/getaddrinfo.c.o
[ 50%] Building C object Utilities/cmlibuv/CMakeFiles/cmlibuv.dir/src/unix/getnameinfo.c.o
[ 50%] Building C object Utilities/cmlibuv/CMakeFiles/cmlibuv.dir/src/unix/loop-watcher.c.o
[ 50%] Building C object Utilities/cmlibuv/CMakeFiles/cmlibuv.dir/src/unix/loop.c.o
[ 50%] Building C object Utilities/cmlibuv/CMakeFiles/cmlibuv.dir/src/unix/pipe.c.o
[ 50%] Building C object Utilities/cmlibuv/CMakeFiles/cmlibuv.dir/src/unix/poll.c.o
[ 50%] Building C object Utilities/cmlibuv/CMakeFiles/cmlibuv.dir/src/unix/process.c.o
[ 50%] Building C object Utilities/cmlibuv/CMakeFiles/cmlibuv.dir/src/unix/signal.c.o
[ 51%] Building C object Utilities/cmlibuv/CMakeFiles/cmlibuv.dir/src/unix/stream.c.o
[ 51%] Building C object Utilities/cmlibuv/CMakeFiles/cmlibuv.dir/src/unix/tcp.c.o
[ 51%] Building C object Utilities/cmlibuv/CMakeFiles/cmlibuv.dir/src/unix/thread.c.o
[ 51%] Building C object Utilities/cmlibuv/CMakeFiles/cmlibuv.dir/src/unix/tty.c.o
[ 51%] Building C object Utilities/cmlibuv/CMakeFiles/cmlibuv.dir/src/unix/udp.c.o
[ 51%] Building C object Utilities/cmlibuv/CMakeFiles/cmlibuv.dir/src/unix/linux-core.c.o
[ 51%] Building C object Utilities/cmlibuv/CMakeFiles/cmlibuv.dir/src/unix/linux-inotify.c.o
[ 51%] Building C object Utilities/cmlibuv/CMakeFiles/cmlibuv.dir/src/unix/linux-syscalls.c.o
[ 51%] Building C object Utilities/cmlibuv/CMakeFiles/cmlibuv.dir/src/unix/procfs-exepath.c.o
[ 51%] Building C object Utilities/cmlibuv/CMakeFiles/cmlibuv.dir/src/unix/proctitle.c.o
[ 52%] Building C object Utilities/cmlibuv/CMakeFiles/cmlibuv.dir/src/unix/sysinfo-loadavg.c.o
[ 52%] Building C object Utilities/cmlibuv/CMakeFiles/cmlibuv.dir/src/unix/sysinfo-memory.c.o
[ 52%] Linking C static library libcmlibuv.a
[ 52%] Built target cmlibuv
Scanning dependencies of target CMakeLib
[ 52%] Building CXX object Source/CMakeFiles/CMakeLib.dir/LexerParser/cmCommandArgumentLexer.cxx.o
[ 52%] Building CXX object Source/CMakeFiles/CMakeLib.dir/LexerParser/cmCommandArgumentParser.cxx.o
[ 52%] Building CXX object Source/CMakeFiles/CMakeLib.dir/LexerParser/cmDependsJavaLexer.cxx.o
[ 52%] Building CXX object Source/CMakeFiles/CMakeLib.dir/LexerParser/cmDependsJavaParser.cxx.o
[ 52%] Building CXX object Source/CMakeFiles/CMakeLib.dir/LexerParser/cmExprLexer.cxx.o
[ 52%] Building CXX object Source/CMakeFiles/CMakeLib.dir/LexerParser/cmExprParser.cxx.o
[ 52%] Building CXX object Source/CMakeFiles/CMakeLib.dir/LexerParser/cmFortranLexer.cxx.o
[ 52%] Building CXX object Source/CMakeFiles/CMakeLib.dir/LexerParser/cmFortranParser.cxx.o
[ 52%] Building CXX object Source/CMakeFiles/CMakeLib.dir/LexerParser/cmGccDepfileLexer.cxx.o
[ 53%] Building C object Source/CMakeFiles/CMakeLib.dir/LexerParser/cmListFileLexer.c.o
[ 53%] Building CXX object Source/CMakeFiles/CMakeLib.dir/cmAffinity.cxx.o
[ 53%] Building CXX object Source/CMakeFiles/CMakeLib.dir/cmArchiveWrite.cxx.o
[ 53%] Building CXX object Source/CMakeFiles/CMakeLib.dir/cmArgumentParser.cxx.o
[ 53%] Building CXX object Source/CMakeFiles/CMakeLib.dir/cmBase32.cxx.o
[ 53%] Building CXX object Source/CMakeFiles/CMakeLib.dir/cmBinUtilsLinker.cxx.o
[ 53%] Building CXX object Source/CMakeFiles/CMakeLib.dir/cmBinUtilsLinuxELFGetRuntimeDependenciesTool.cxx.o
[ 53%] Building CXX object Source/CMakeFiles/CMakeLib.dir/cmBinUtilsLinuxELFLinker.cxx.o
[ 53%] Building CXX object Source/CMakeFiles/CMakeLib.dir/cmBinUtilsLinuxELFObjdumpGetRuntimeDependenciesTool.cxx.o
[ 53%] Building CXX object Source/CMakeFiles/CMakeLib.dir/cmBinUtilsMacOSMachOGetRuntimeDependenciesTool.cxx.o
[ 54%] Building CXX object Source/CMakeFiles/CMakeLib.dir/cmBinUtilsMacOSMachOLinker.cxx.o
[ 54%] Building CXX object Source/CMakeFiles/CMakeLib.dir/cmBinUtilsMacOSMachOOToolGetRuntimeDependenciesTool.cxx.o
[ 54%] Building CXX object Source/CMakeFiles/CMakeLib.dir/cmBinUtilsWindowsPEDumpbinGetRuntimeDependenciesTool.cxx.o
[ 54%] Building CXX object Source/CMakeFiles/CMakeLib.dir/cmBinUtilsWindowsPEGetRuntimeDependenciesTool.cxx.o
[ 54%] Building CXX object Source/CMakeFiles/CMakeLib.dir/cmBinUtilsWindowsPELinker.cxx.o
[ 54%] Building CXX object Source/CMakeFiles/CMakeLib.dir/cmBinUtilsWindowsPEObjdumpGetRuntimeDependenciesTool.cxx.o
[ 54%] Building CXX object Source/CMakeFiles/CMakeLib.dir/cmCacheManager.cxx.o
[ 54%] Building CXX object Source/CMakeFiles/CMakeLib.dir/cmCheckCustomOutputs.cxx.o
[ 54%] Building CXX object Source/CMakeFiles/CMakeLib.dir/cmCLocaleEnvironmentScope.cxx.o
[ 54%] Building CXX object Source/CMakeFiles/CMakeLib.dir/cmCommandArgumentParserHelper.cxx.o
[ 55%] Building CXX object Source/CMakeFiles/CMakeLib.dir/cmCommonTargetGenerator.cxx.o
[ 55%] Building CXX object Source/CMakeFiles/CMakeLib.dir/cmComputeComponentGraph.cxx.o
[ 55%] Building CXX object Source/CMakeFiles/CMakeLib.dir/cmComputeLinkDepends.cxx.o
[ 55%] Building CXX object Source/CMakeFiles/CMakeLib.dir/cmComputeLinkInformation.cxx.o
[ 55%] Building CXX object Source/CMakeFiles/CMakeLib.dir/cmComputeTargetDepends.cxx.o
[ 55%] Building CXX object Source/CMakeFiles/CMakeLib.dir/cmCPackPropertiesGenerator.cxx.o
[ 55%] Building CXX object Source/CMakeFiles/CMakeLib.dir/cmCryptoHash.cxx.o
[ 55%] Building CXX object Source/CMakeFiles/CMakeLib.dir/cmCurl.cxx.o
[ 55%] Building CXX object Source/CMakeFiles/CMakeLib.dir/cmCustomCommand.cxx.o
[ 55%] Building CXX object Source/CMakeFiles/CMakeLib.dir/cmCustomCommandGenerator.cxx.o
[ 56%] Building CXX object Source/CMakeFiles/CMakeLib.dir/cmCustomCommandLines.cxx.o
[ 56%] Building CXX object Source/CMakeFiles/CMakeLib.dir/cmDefinitions.cxx.o
[ 56%] Building CXX object Source/CMakeFiles/CMakeLib.dir/cmDepends.cxx.o
[ 56%] Building CXX object Source/CMakeFiles/CMakeLib.dir/cmDependsC.cxx.o
[ 56%] Building CXX object Source/CMakeFiles/CMakeLib.dir/cmDependsFortran.cxx.o
[ 56%] Building CXX object Source/CMakeFiles/CMakeLib.dir/cmDependsJava.cxx.o
[ 56%] Building CXX object Source/CMakeFiles/CMakeLib.dir/cmDependsJavaParserHelper.cxx.o
[ 56%] Building CXX object Source/CMakeFiles/CMakeLib.dir/cmDocumentation.cxx.o
[ 56%] Building CXX object Source/CMakeFiles/CMakeLib.dir/cmDocumentationFormatter.cxx.o
[ 56%] Building CXX object Source/CMakeFiles/CMakeLib.dir/cmDocumentationSection.cxx.o
[ 57%] Building CXX object Source/CMakeFiles/CMakeLib.dir/cmDynamicLoader.cxx.o
[ 57%] Building CXX object Source/CMakeFiles/CMakeLib.dir/cmELF.cxx.o
[ 57%] Building CXX object Source/CMakeFiles/CMakeLib.dir/cmExprParserHelper.cxx.o
[ 57%] Building CXX object Source/CMakeFiles/CMakeLib.dir/cmExportBuildAndroidMKGenerator.cxx.o
[ 57%] Building CXX object Source/CMakeFiles/CMakeLib.dir/cmExportBuildFileGenerator.cxx.o
[ 57%] Building CXX object Source/CMakeFiles/CMakeLib.dir/cmExportFileGenerator.cxx.o
[ 57%] Building CXX object Source/CMakeFiles/CMakeLib.dir/cmExportInstallAndroidMKGenerator.cxx.o
[ 57%] Building CXX object Source/CMakeFiles/CMakeLib.dir/cmExportInstallFileGenerator.cxx.o
[ 57%] Building CXX object Source/CMakeFiles/CMakeLib.dir/cmExportTryCompileFileGenerator.cxx.o
[ 57%] Building CXX object Source/CMakeFiles/CMakeLib.dir/cmExportSet.cxx.o
[ 58%] Building CXX object Source/CMakeFiles/CMakeLib.dir/cmExternalMakefileProjectGenerator.cxx.o
[ 58%] Building CXX object Source/CMakeFiles/CMakeLib.dir/cmExtraCodeBlocksGenerator.cxx.o
[ 58%] Building CXX object Source/CMakeFiles/CMakeLib.dir/cmExtraCodeLiteGenerator.cxx.o
[ 58%] Building CXX object Source/CMakeFiles/CMakeLib.dir/cmExtraEclipseCDT4Generator.cxx.o
[ 58%] Building CXX object Source/CMakeFiles/CMakeLib.dir/cmExtraKateGenerator.cxx.o
[ 58%] Building CXX object Source/CMakeFiles/CMakeLib.dir/cmExtraSublimeTextGenerator.cxx.o
[ 58%] Building CXX object Source/CMakeFiles/CMakeLib.dir/cmFileAPI.cxx.o
[ 58%] Building CXX object Source/CMakeFiles/CMakeLib.dir/cmFileAPICache.cxx.o
[ 58%] Building CXX object Source/CMakeFiles/CMakeLib.dir/cmFileAPICodemodel.cxx.o
[ 59%] Building CXX object Source/CMakeFiles/CMakeLib.dir/cmFileAPICMakeFiles.cxx.o
[ 59%] Building CXX object Source/CMakeFiles/CMakeLib.dir/cmFileCopier.cxx.o
[ 59%] Building CXX object Source/CMakeFiles/CMakeLib.dir/cmFileInstaller.cxx.o
[ 59%] Building CXX object Source/CMakeFiles/CMakeLib.dir/cmFileLock.cxx.o
[ 59%] Building CXX object Source/CMakeFiles/CMakeLib.dir/cmFileLockPool.cxx.o
[ 59%] Building CXX object Source/CMakeFiles/CMakeLib.dir/cmFileLockResult.cxx.o
[ 59%] Building CXX object Source/CMakeFiles/CMakeLib.dir/cmFilePathChecksum.cxx.o
[ 59%] Building CXX object Source/CMakeFiles/CMakeLib.dir/cmFileTime.cxx.o
[ 59%] Building CXX object Source/CMakeFiles/CMakeLib.dir/cmFileTimeCache.cxx.o
[ 59%] Building CXX object Source/CMakeFiles/CMakeLib.dir/cmFileTimes.cxx.o
[ 60%] Building CXX object Source/CMakeFiles/CMakeLib.dir/cmFortranParserImpl.cxx.o
[ 60%] Building CXX object Source/CMakeFiles/CMakeLib.dir/cmFSPermissions.cxx.o
[ 60%] Building CXX object Source/CMakeFiles/CMakeLib.dir/cmGccDepfileLexerHelper.cxx.o
[ 60%] Building CXX object Source/CMakeFiles/CMakeLib.dir/cmGccDepfileReader.cxx.o
[ 60%] Building CXX object Source/CMakeFiles/CMakeLib.dir/cmGeneratedFileStream.cxx.o
[ 60%] Building CXX object Source/CMakeFiles/CMakeLib.dir/cmGeneratorExpressionContext.cxx.o
[ 60%] Building CXX object Source/CMakeFiles/CMakeLib.dir/cmGeneratorExpressionDAGChecker.cxx.o
[ 60%] Building CXX object Source/CMakeFiles/CMakeLib.dir/cmGeneratorExpressionEvaluationFile.cxx.o
[ 60%] Building CXX object Source/CMakeFiles/CMakeLib.dir/cmGeneratorExpressionEvaluator.cxx.o
[ 60%] Building CXX object Source/CMakeFiles/CMakeLib.dir/cmGeneratorExpressionLexer.cxx.o
[ 61%] Building CXX object Source/CMakeFiles/CMakeLib.dir/cmGeneratorExpressionNode.cxx.o
[ 61%] Building CXX object Source/CMakeFiles/CMakeLib.dir/cmGeneratorExpressionParser.cxx.o
[ 61%] Building CXX object Source/CMakeFiles/CMakeLib.dir/cmGeneratorExpression.cxx.o
[ 61%] Building CXX object Source/CMakeFiles/CMakeLib.dir/cmGeneratorTarget.cxx.o
[ 61%] Building CXX object Source/CMakeFiles/CMakeLib.dir/cmLinkItemGraphVisitor.cxx.o
[ 61%] Building CXX object Source/CMakeFiles/CMakeLib.dir/cmGetPipes.cxx.o
[ 61%] Building CXX object Source/CMakeFiles/CMakeLib.dir/cmGlobalCommonGenerator.cxx.o
[ 61%] Building CXX object Source/CMakeFiles/CMakeLib.dir/cmGlobalGenerator.cxx.o
[ 61%] Building CXX object Source/CMakeFiles/CMakeLib.dir/cmGlobalUnixMakefileGenerator3.cxx.o
[ 61%] Building CXX object Source/CMakeFiles/CMakeLib.dir/cmGlobVerificationManager.cxx.o
[ 62%] Building CXX object Source/CMakeFiles/CMakeLib.dir/cmGraphVizWriter.cxx.o
[ 62%] Building CXX object Source/CMakeFiles/CMakeLib.dir/cmInstallGenerator.cxx.o
[ 62%] Building CXX object Source/CMakeFiles/CMakeLib.dir/cmInstallExportGenerator.cxx.o
[ 62%] Building CXX object Source/CMakeFiles/CMakeLib.dir/cmInstalledFile.cxx.o
[ 62%] Building CXX object Source/CMakeFiles/CMakeLib.dir/cmInstallFilesGenerator.cxx.o
[ 62%] Building CXX object Source/CMakeFiles/CMakeLib.dir/cmInstallScriptGenerator.cxx.o
[ 62%] Building CXX object Source/CMakeFiles/CMakeLib.dir/cmInstallSubdirectoryGenerator.cxx.o
[ 62%] Building CXX object Source/CMakeFiles/CMakeLib.dir/cmInstallTargetGenerator.cxx.o
[ 62%] Building CXX object Source/CMakeFiles/CMakeLib.dir/cmInstallDirectoryGenerator.cxx.o
[ 62%] Building CXX object Source/CMakeFiles/CMakeLib.dir/cmLDConfigLDConfigTool.cxx.o
[ 63%] Building CXX object Source/CMakeFiles/CMakeLib.dir/cmLDConfigTool.cxx.o
[ 63%] Building CXX object Source/CMakeFiles/CMakeLib.dir/cmLinkItem.cxx.o
[ 63%] Building CXX object Source/CMakeFiles/CMakeLib.dir/cmLinkLineComputer.cxx.o
[ 63%] Building CXX object Source/CMakeFiles/CMakeLib.dir/cmLinkLineDeviceComputer.cxx.o
[ 63%] Building CXX object Source/CMakeFiles/CMakeLib.dir/cmListFileCache.cxx.o
[ 63%] Building CXX object Source/CMakeFiles/CMakeLib.dir/cmLocalCommonGenerator.cxx.o
[ 63%] Building CXX object Source/CMakeFiles/CMakeLib.dir/cmLocalGenerator.cxx.o
[ 63%] Building CXX object Source/CMakeFiles/CMakeLib.dir/cmRulePlaceholderExpander.cxx.o
[ 63%] Building CXX object Source/CMakeFiles/CMakeLib.dir/cmLocalUnixMakefileGenerator3.cxx.o
[ 63%] Building CXX object Source/CMakeFiles/CMakeLib.dir/cmMakefile.cxx.o
[ 64%] Building CXX object Source/CMakeFiles/CMakeLib.dir/cmMakefileTargetGenerator.cxx.o
[ 64%] Building CXX object Source/CMakeFiles/CMakeLib.dir/cmMakefileExecutableTargetGenerator.cxx.o
[ 64%] Building CXX object Source/CMakeFiles/CMakeLib.dir/cmMakefileLibraryTargetGenerator.cxx.o
[ 64%] Building CXX object Source/CMakeFiles/CMakeLib.dir/cmMakefileProfilingData.cxx.o
[ 64%] Building CXX object Source/CMakeFiles/CMakeLib.dir/cmMakefileUtilityTargetGenerator.cxx.o
[ 64%] Building CXX object Source/CMakeFiles/CMakeLib.dir/cmMessenger.cxx.o
[ 64%] Building CXX object Source/CMakeFiles/CMakeLib.dir/cmMSVC60LinkLineComputer.cxx.o
[ 64%] Building CXX object Source/CMakeFiles/CMakeLib.dir/cmOSXBundleGenerator.cxx.o
[ 64%] Building CXX object Source/CMakeFiles/CMakeLib.dir/cmOutputConverter.cxx.o
[ 64%] Building CXX object Source/CMakeFiles/CMakeLib.dir/cmNewLineStyle.cxx.o
[ 65%] Building CXX object Source/CMakeFiles/CMakeLib.dir/cmOrderDirectories.cxx.o
[ 65%] Building CXX object Source/CMakeFiles/CMakeLib.dir/cmPolicies.cxx.o
[ 65%] Building CXX object Source/CMakeFiles/CMakeLib.dir/cmProcessOutput.cxx.o
[ 65%] Building CXX object Source/CMakeFiles/CMakeLib.dir/cmProcessTools.cxx.o
[ 65%] Building CXX object Source/CMakeFiles/CMakeLib.dir/cmPropertyDefinition.cxx.o
[ 65%] Building CXX object Source/CMakeFiles/CMakeLib.dir/cmPropertyMap.cxx.o
[ 65%] Building CXX object Source/CMakeFiles/CMakeLib.dir/cmQtAutoGen.cxx.o
[ 65%] Building CXX object Source/CMakeFiles/CMakeLib.dir/cmQtAutoGenerator.cxx.o
[ 65%] Building CXX object Source/CMakeFiles/CMakeLib.dir/cmQtAutoGenGlobalInitializer.cxx.o
[ 66%] Building CXX object Source/CMakeFiles/CMakeLib.dir/cmQtAutoGenInitializer.cxx.o
[ 66%] Building CXX object Source/CMakeFiles/CMakeLib.dir/cmQtAutoMocUic.cxx.o
[ 66%] Building CXX object Source/CMakeFiles/CMakeLib.dir/cmQtAutoRcc.cxx.o
[ 66%] Building CXX object Source/CMakeFiles/CMakeLib.dir/cmRST.cxx.o
[ 66%] Building CXX object Source/CMakeFiles/CMakeLib.dir/cmRuntimeDependencyArchive.cxx.o
[ 66%] Building CXX object Source/CMakeFiles/CMakeLib.dir/cmScriptGenerator.cxx.o
[ 66%] Building CXX object Source/CMakeFiles/CMakeLib.dir/cmSourceFile.cxx.o
[ 66%] Building CXX object Source/CMakeFiles/CMakeLib.dir/cmSourceFileLocation.cxx.o
[ 66%] Building CXX object Source/CMakeFiles/CMakeLib.dir/cmSourceGroup.cxx.o
[ 66%] Building CXX object Source/CMakeFiles/CMakeLib.dir/cmState.cxx.o
[ 67%] Building CXX object Source/CMakeFiles/CMakeLib.dir/cmStateDirectory.cxx.o
[ 67%] Building CXX object Source/CMakeFiles/CMakeLib.dir/cmStateSnapshot.cxx.o
[ 67%] Building CXX object Source/CMakeFiles/CMakeLib.dir/cmStringAlgorithms.cxx.o
[ 67%] Building CXX object Source/CMakeFiles/CMakeLib.dir/cmSystemTools.cxx.o
[ 67%] Building CXX object Source/CMakeFiles/CMakeLib.dir/cmTarget.cxx.o
[ 67%] Building CXX object Source/CMakeFiles/CMakeLib.dir/cmTargetPropertyComputer.cxx.o
[ 67%] Building CXX object Source/CMakeFiles/CMakeLib.dir/cmTest.cxx.o
[ 67%] Building CXX object Source/CMakeFiles/CMakeLib.dir/cmTestGenerator.cxx.o
[ 67%] Building CXX object Source/CMakeFiles/CMakeLib.dir/cmUuid.cxx.o
[ 67%] Building CXX object Source/CMakeFiles/CMakeLib.dir/cmUVHandlePtr.cxx.o
[ 68%] Building CXX object Source/CMakeFiles/CMakeLib.dir/cmUVProcessChain.cxx.o
[ 68%] Building CXX object Source/CMakeFiles/CMakeLib.dir/cmVariableWatch.cxx.o
[ 68%] Building CXX object Source/CMakeFiles/CMakeLib.dir/cmVersion.cxx.o
[ 68%] Building CXX object Source/CMakeFiles/CMakeLib.dir/cmWorkerPool.cxx.o
[ 68%] Building CXX object Source/CMakeFiles/CMakeLib.dir/cmWorkingDirectory.cxx.o
[ 68%] Building CXX object Source/CMakeFiles/CMakeLib.dir/cmXMLParser.cxx.o
[ 68%] Building CXX object Source/CMakeFiles/CMakeLib.dir/cmXMLSafe.cxx.o
[ 68%] Building CXX object Source/CMakeFiles/CMakeLib.dir/cmXMLWriter.cxx.o
[ 68%] Building CXX object Source/CMakeFiles/CMakeLib.dir/cmake.cxx.o
[ 68%] Building CXX object Source/CMakeFiles/CMakeLib.dir/cmCommand.cxx.o
[ 69%] Building CXX object Source/CMakeFiles/CMakeLib.dir/cmCommands.cxx.o
[ 69%] Building CXX object Source/CMakeFiles/CMakeLib.dir/cmAddCompileDefinitionsCommand.cxx.o
[ 69%] Building CXX object Source/CMakeFiles/CMakeLib.dir/cmAddCompileOptionsCommand.cxx.o
[ 69%] Building CXX object Source/CMakeFiles/CMakeLib.dir/cmAddLinkOptionsCommand.cxx.o
[ 69%] Building CXX object Source/CMakeFiles/CMakeLib.dir/cmAddCustomCommandCommand.cxx.o
[ 69%] Building CXX object Source/CMakeFiles/CMakeLib.dir/cmAddCustomTargetCommand.cxx.o
[ 69%] Building CXX object Source/CMakeFiles/CMakeLib.dir/cmAddDefinitionsCommand.cxx.o
[ 69%] Building CXX object Source/CMakeFiles/CMakeLib.dir/cmAddDependenciesCommand.cxx.o
[ 69%] Building CXX object Source/CMakeFiles/CMakeLib.dir/cmAddExecutableCommand.cxx.o
[ 69%] Building CXX object Source/CMakeFiles/CMakeLib.dir/cmAddLibraryCommand.cxx.o
[ 70%] Building CXX object Source/CMakeFiles/CMakeLib.dir/cmAddSubDirectoryCommand.cxx.o
[ 70%] Building CXX object Source/CMakeFiles/CMakeLib.dir/cmAddTestCommand.cxx.o
[ 70%] Building CXX object Source/CMakeFiles/CMakeLib.dir/cmAuxSourceDirectoryCommand.cxx.o
[ 70%] Building CXX object Source/CMakeFiles/CMakeLib.dir/cmBreakCommand.cxx.o
[ 70%] Building CXX object Source/CMakeFiles/CMakeLib.dir/cmBuildCommand.cxx.o
[ 70%] Building CXX object Source/CMakeFiles/CMakeLib.dir/cmBuildNameCommand.cxx.o
[ 70%] Building CXX object Source/CMakeFiles/CMakeLib.dir/cmCMakeHostSystemInformationCommand.cxx.o
[ 70%] Building CXX object Source/CMakeFiles/CMakeLib.dir/cmCMakeLanguageCommand.cxx.o
[ 70%] Building CXX object Source/CMakeFiles/CMakeLib.dir/cmCMakeMinimumRequired.cxx.o
[ 70%] Building CXX object Source/CMakeFiles/CMakeLib.dir/cmCMakePolicyCommand.cxx.o
[ 71%] Building CXX object Source/CMakeFiles/CMakeLib.dir/cmConditionEvaluator.cxx.o
[ 71%] Building CXX object Source/CMakeFiles/CMakeLib.dir/cmConfigureFileCommand.cxx.o
[ 71%] Building CXX object Source/CMakeFiles/CMakeLib.dir/cmContinueCommand.cxx.o
[ 71%] Building CXX object Source/CMakeFiles/CMakeLib.dir/cmCoreTryCompile.cxx.o
[ 71%] Building CXX object Source/CMakeFiles/CMakeLib.dir/cmCreateTestSourceList.cxx.o
[ 71%] Building CXX object Source/CMakeFiles/CMakeLib.dir/cmDefinePropertyCommand.cxx.o
[ 71%] Building CXX object Source/CMakeFiles/CMakeLib.dir/cmEnableLanguageCommand.cxx.o
[ 71%] Building CXX object Source/CMakeFiles/CMakeLib.dir/cmEnableTestingCommand.cxx.o
[ 71%] Building CXX object Source/CMakeFiles/CMakeLib.dir/cmExecProgramCommand.cxx.o
[ 72%] Building CXX object Source/CMakeFiles/CMakeLib.dir/cmExecuteProcessCommand.cxx.o
[ 72%] Building CXX object Source/CMakeFiles/CMakeLib.dir/cmExpandedCommandArgument.cxx.o
[ 72%] Building CXX object Source/CMakeFiles/CMakeLib.dir/cmExportCommand.cxx.o
[ 72%] Building CXX object Source/CMakeFiles/CMakeLib.dir/cmExportLibraryDependenciesCommand.cxx.o
[ 72%] Building CXX object Source/CMakeFiles/CMakeLib.dir/cmFLTKWrapUICommand.cxx.o
[ 72%] Building CXX object Source/CMakeFiles/CMakeLib.dir/cmFileCommand.cxx.o
[ 72%] Building CXX object Source/CMakeFiles/CMakeLib.dir/cmFindBase.cxx.o
[ 72%] Building CXX object Source/CMakeFiles/CMakeLib.dir/cmFindCommon.cxx.o
[ 72%] Building CXX object Source/CMakeFiles/CMakeLib.dir/cmFindFileCommand.cxx.o
[ 72%] Building CXX object Source/CMakeFiles/CMakeLib.dir/cmFindLibraryCommand.cxx.o
[ 73%] Building CXX object Source/CMakeFiles/CMakeLib.dir/cmFindPackageCommand.cxx.o
[ 73%] Building CXX object Source/CMakeFiles/CMakeLib.dir/cmFindPathCommand.cxx.o
[ 73%] Building CXX object Source/CMakeFiles/CMakeLib.dir/cmFindProgramCommand.cxx.o
[ 73%] Building CXX object Source/CMakeFiles/CMakeLib.dir/cmForEachCommand.cxx.o
[ 73%] Building CXX object Source/CMakeFiles/CMakeLib.dir/cmFunctionBlocker.cxx.o
[ 73%] Building CXX object Source/CMakeFiles/CMakeLib.dir/cmFunctionCommand.cxx.o
[ 73%] Building CXX object Source/CMakeFiles/CMakeLib.dir/cmGetCMakePropertyCommand.cxx.o
[ 73%] Building CXX object Source/CMakeFiles/CMakeLib.dir/cmGetDirectoryPropertyCommand.cxx.o
[ 73%] Building CXX object Source/CMakeFiles/CMakeLib.dir/cmGetFilenameComponentCommand.cxx.o
[ 73%] Building CXX object Source/CMakeFiles/CMakeLib.dir/cmGetPropertyCommand.cxx.o
[ 74%] Building CXX object Source/CMakeFiles/CMakeLib.dir/cmGetSourceFilePropertyCommand.cxx.o
[ 74%] Building CXX object Source/CMakeFiles/CMakeLib.dir/cmGetTargetPropertyCommand.cxx.o
[ 74%] Building CXX object Source/CMakeFiles/CMakeLib.dir/cmGetTestPropertyCommand.cxx.o
[ 74%] Building CXX object Source/CMakeFiles/CMakeLib.dir/cmHexFileConverter.cxx.o
[ 74%] Building CXX object Source/CMakeFiles/CMakeLib.dir/cmIfCommand.cxx.o
[ 74%] Building CXX object Source/CMakeFiles/CMakeLib.dir/cmIncludeCommand.cxx.o
[ 74%] Building CXX object Source/CMakeFiles/CMakeLib.dir/cmIncludeDirectoryCommand.cxx.o
[ 74%] Building CXX object Source/CMakeFiles/CMakeLib.dir/cmIncludeExternalMSProjectCommand.cxx.o
[ 74%] Building CXX object Source/CMakeFiles/CMakeLib.dir/cmIncludeGuardCommand.cxx.o
[ 74%] Building CXX object Source/CMakeFiles/CMakeLib.dir/cmIncludeRegularExpressionCommand.cxx.o
[ 75%] Building CXX object Source/CMakeFiles/CMakeLib.dir/cmInstallCommand.cxx.o
[ 75%] Building CXX object Source/CMakeFiles/CMakeLib.dir/cmInstallCommandArguments.cxx.o
[ 75%] Building CXX object Source/CMakeFiles/CMakeLib.dir/cmInstallFilesCommand.cxx.o
[ 75%] Building CXX object Source/CMakeFiles/CMakeLib.dir/cmInstallProgramsCommand.cxx.o
[ 75%] Building CXX object Source/CMakeFiles/CMakeLib.dir/cmInstallTargetsCommand.cxx.o
[ 75%] Building CXX object Source/CMakeFiles/CMakeLib.dir/cmLinkDirectoriesCommand.cxx.o
[ 75%] Building CXX object Source/CMakeFiles/CMakeLib.dir/cmLinkLibrariesCommand.cxx.o
[ 75%] Building CXX object Source/CMakeFiles/CMakeLib.dir/cmListCommand.cxx.o
[ 75%] Building CXX object Source/CMakeFiles/CMakeLib.dir/cmLoadCacheCommand.cxx.o
[ 75%] Building CXX object Source/CMakeFiles/CMakeLib.dir/cmLoadCommandCommand.cxx.o
[ 76%] Building CXX object Source/CMakeFiles/CMakeLib.dir/cmMacroCommand.cxx.o
[ 76%] Building CXX object Source/CMakeFiles/CMakeLib.dir/cmMakeDirectoryCommand.cxx.o
[ 76%] Building CXX object Source/CMakeFiles/CMakeLib.dir/cmMarkAsAdvancedCommand.cxx.o
[ 76%] Building CXX object Source/CMakeFiles/CMakeLib.dir/cmMathCommand.cxx.o
[ 76%] Building CXX object Source/CMakeFiles/CMakeLib.dir/cmMessageCommand.cxx.o
[ 76%] Building CXX object Source/CMakeFiles/CMakeLib.dir/cmOptionCommand.cxx.o
[ 76%] Building CXX object Source/CMakeFiles/CMakeLib.dir/cmOutputRequiredFilesCommand.cxx.o
[ 76%] Building CXX object Source/CMakeFiles/CMakeLib.dir/cmParseArgumentsCommand.cxx.o
[ 76%] Building CXX object Source/CMakeFiles/CMakeLib.dir/cmPathLabel.cxx.o
[ 76%] Building CXX object Source/CMakeFiles/CMakeLib.dir/cmProjectCommand.cxx.o
[ 77%] Building CXX object Source/CMakeFiles/CMakeLib.dir/cmQTWrapCPPCommand.cxx.o
[ 77%] Building CXX object Source/CMakeFiles/CMakeLib.dir/cmQTWrapUICommand.cxx.o
[ 77%] Building CXX object Source/CMakeFiles/CMakeLib.dir/cmRemoveCommand.cxx.o
[ 77%] Building CXX object Source/CMakeFiles/CMakeLib.dir/cmRemoveDefinitionsCommand.cxx.o
[ 77%] Building CXX object Source/CMakeFiles/CMakeLib.dir/cmReturnCommand.cxx.o
[ 77%] Building CXX object Source/CMakeFiles/CMakeLib.dir/cmSearchPath.cxx.o
[ 77%] Building CXX object Source/CMakeFiles/CMakeLib.dir/cmSeparateArgumentsCommand.cxx.o
[ 77%] Building CXX object Source/CMakeFiles/CMakeLib.dir/cmSetCommand.cxx.o
[ 77%] Building CXX object Source/CMakeFiles/CMakeLib.dir/cmSetDirectoryPropertiesCommand.cxx.o
[ 77%] Building CXX object Source/CMakeFiles/CMakeLib.dir/cmSetPropertyCommand.cxx.o
[ 78%] Building CXX object Source/CMakeFiles/CMakeLib.dir/cmSetSourceFilesPropertiesCommand.cxx.o
[ 78%] Building CXX object Source/CMakeFiles/CMakeLib.dir/cmSetTargetPropertiesCommand.cxx.o
[ 78%] Building CXX object Source/CMakeFiles/CMakeLib.dir/cmSetTestsPropertiesCommand.cxx.o
[ 78%] Building CXX object Source/CMakeFiles/CMakeLib.dir/cmSiteNameCommand.cxx.o
[ 78%] Building CXX object Source/CMakeFiles/CMakeLib.dir/cmSourceGroupCommand.cxx.o
[ 78%] Building CXX object Source/CMakeFiles/CMakeLib.dir/cmString.cxx.o
[ 78%] Building CXX object Source/CMakeFiles/CMakeLib.dir/cmStringReplaceHelper.cxx.o
[ 78%] Building CXX object Source/CMakeFiles/CMakeLib.dir/cmStringCommand.cxx.o
[ 78%] Building CXX object Source/CMakeFiles/CMakeLib.dir/cmSubcommandTable.cxx.o
[ 79%] Building CXX object Source/CMakeFiles/CMakeLib.dir/cmSubdirCommand.cxx.o
[ 79%] Building CXX object Source/CMakeFiles/CMakeLib.dir/cmSubdirDependsCommand.cxx.o
[ 79%] Building CXX object Source/CMakeFiles/CMakeLib.dir/cmTargetCompileDefinitionsCommand.cxx.o
[ 79%] Building CXX object Source/CMakeFiles/CMakeLib.dir/cmTargetCompileFeaturesCommand.cxx.o
[ 79%] Building CXX object Source/CMakeFiles/CMakeLib.dir/cmTargetCompileOptionsCommand.cxx.o
[ 79%] Building CXX object Source/CMakeFiles/CMakeLib.dir/cmTargetIncludeDirectoriesCommand.cxx.o
[ 79%] Building CXX object Source/CMakeFiles/CMakeLib.dir/cmTargetLinkOptionsCommand.cxx.o
[ 79%] Building CXX object Source/CMakeFiles/CMakeLib.dir/cmTargetLinkDirectoriesCommand.cxx.o
[ 79%] Building CXX object Source/CMakeFiles/CMakeLib.dir/cmTargetLinkLibrariesCommand.cxx.o
[ 79%] Building CXX object Source/CMakeFiles/CMakeLib.dir/cmTargetPrecompileHeadersCommand.cxx.o
[ 80%] Building CXX object Source/CMakeFiles/CMakeLib.dir/cmTargetPropCommandBase.cxx.o
[ 80%] Building CXX object Source/CMakeFiles/CMakeLib.dir/cmTargetSourcesCommand.cxx.o
[ 80%] Building CXX object Source/CMakeFiles/CMakeLib.dir/cmTimestamp.cxx.o
[ 80%] Building CXX object Source/CMakeFiles/CMakeLib.dir/cmTryCompileCommand.cxx.o
[ 80%] Building CXX object Source/CMakeFiles/CMakeLib.dir/cmTryRunCommand.cxx.o
[ 80%] Building CXX object Source/CMakeFiles/CMakeLib.dir/cmUnsetCommand.cxx.o
[ 80%] Building CXX object Source/CMakeFiles/CMakeLib.dir/cmUseMangledMesaCommand.cxx.o
[ 80%] Building CXX object Source/CMakeFiles/CMakeLib.dir/cmUtilitySourceCommand.cxx.o
[ 80%] Building CXX object Source/CMakeFiles/CMakeLib.dir/cmVariableRequiresCommand.cxx.o
[ 80%] Building CXX object Source/CMakeFiles/CMakeLib.dir/cmVariableWatchCommand.cxx.o
[ 81%] Building CXX object Source/CMakeFiles/CMakeLib.dir/cmWhileCommand.cxx.o
[ 81%] Building CXX object Source/CMakeFiles/CMakeLib.dir/cmWriteFileCommand.cxx.o
[ 81%] Building C object Source/CMakeFiles/CMakeLib.dir/cm_get_date.c.o
[ 81%] Building C object Source/CMakeFiles/CMakeLib.dir/cm_utf8.c.o
[ 81%] Building CXX object Source/CMakeFiles/CMakeLib.dir/cm_codecvt.cxx.o
[ 81%] Building CXX object Source/CMakeFiles/CMakeLib.dir/cmDuration.cxx.o
[ 81%] Building CXX object Source/CMakeFiles/CMakeLib.dir/bindexplib.cxx.o
[ 81%] Building CXX object Source/CMakeFiles/CMakeLib.dir/cmGlobalWatcomWMakeGenerator.cxx.o
[ 81%] Building CXX object Source/CMakeFiles/CMakeLib.dir/cmGlobalGhsMultiGenerator.cxx.o
[ 81%] Building CXX object Source/CMakeFiles/CMakeLib.dir/cmLocalGhsMultiGenerator.cxx.o
[ 82%] Building CXX object Source/CMakeFiles/CMakeLib.dir/cmGhsMultiTargetGenerator.cxx.o
[ 82%] Building CXX object Source/CMakeFiles/CMakeLib.dir/cmGhsMultiGpj.cxx.o
[ 82%] Building CXX object Source/CMakeFiles/CMakeLib.dir/cmGlobalNinjaGenerator.cxx.o
[ 82%] Building CXX object Source/CMakeFiles/CMakeLib.dir/cmLocalNinjaGenerator.cxx.o
[ 82%] Building CXX object Source/CMakeFiles/CMakeLib.dir/cmNinjaTargetGenerator.cxx.o
[ 82%] Building CXX object Source/CMakeFiles/CMakeLib.dir/cmNinjaNormalTargetGenerator.cxx.o
[ 82%] Building CXX object Source/CMakeFiles/CMakeLib.dir/cmNinjaUtilityTargetGenerator.cxx.o
[ 82%] Building CXX object Source/CMakeFiles/CMakeLib.dir/cmNinjaLinkLineComputer.cxx.o
[ 82%] Building CXX object Source/CMakeFiles/CMakeLib.dir/cmNinjaLinkLineDeviceComputer.cxx.o
[ 82%] Linking CXX static library libCMakeLib.a
[ 82%] Built target CMakeLib
Scanning dependencies of target CPackLib
[ 82%] Building CXX object Source/CMakeFiles/CPackLib.dir/CPack/cmCPackArchiveGenerator.cxx.o
[ 82%] Building CXX object Source/CMakeFiles/CPackLib.dir/CPack/cmCPackComponentGroup.cxx.o
[ 82%] Building CXX object Source/CMakeFiles/CPackLib.dir/CPack/cmCPackDebGenerator.cxx.o
[ 82%] Building CXX object Source/CMakeFiles/CPackLib.dir/CPack/cmCPackExternalGenerator.cxx.o
[ 83%] Building CXX object Source/CMakeFiles/CPackLib.dir/CPack/cmCPackGeneratorFactory.cxx.o
[ 83%] Building CXX object Source/CMakeFiles/CPackLib.dir/CPack/cmCPackGenerator.cxx.o
[ 83%] Building CXX object Source/CMakeFiles/CPackLib.dir/CPack/cmCPackLog.cxx.o
[ 83%] Building CXX object Source/CMakeFiles/CPackLib.dir/CPack/cmCPackNSISGenerator.cxx.o
[ 83%] Building CXX object Source/CMakeFiles/CPackLib.dir/CPack/cmCPackNuGetGenerator.cxx.o
[ 83%] Building CXX object Source/CMakeFiles/CPackLib.dir/CPack/cmCPackSTGZGenerator.cxx.o
[ 83%] Building CXX object Source/CMakeFiles/CPackLib.dir/CPack/IFW/cmCPackIFWCommon.cxx.o
[ 83%] Building CXX object Source/CMakeFiles/CPackLib.dir/CPack/IFW/cmCPackIFWGenerator.cxx.o
[ 83%] Building CXX object Source/CMakeFiles/CPackLib.dir/CPack/IFW/cmCPackIFWInstaller.cxx.o
[ 83%] Building CXX object Source/CMakeFiles/CPackLib.dir/CPack/IFW/cmCPackIFWPackage.cxx.o
[ 84%] Building CXX object Source/CMakeFiles/CPackLib.dir/CPack/IFW/cmCPackIFWRepository.cxx.o
[ 84%] Building CXX object Source/CMakeFiles/CPackLib.dir/CPack/cmCPackRPMGenerator.cxx.o
[ 84%] Linking CXX static library libCPackLib.a
[ 84%] Built target CPackLib
Scanning dependencies of target cpack
[ 85%] Building CXX object Source/CMakeFiles/cpack.dir/CPack/cpack.cxx.o
[ 85%] Linking CXX executable ../bin/cpack
[ 85%] Built target cpack
Scanning dependencies of target CTestLib
[ 85%] Building CXX object Source/CMakeFiles/CTestLib.dir/cmCTest.cxx.o
[ 85%] Building CXX object Source/CMakeFiles/CTestLib.dir/CTest/cmProcess.cxx.o
[ 85%] Building CXX object Source/CMakeFiles/CTestLib.dir/CTest/cmCTestBinPacker.cxx.o
[ 85%] Building CXX object Source/CMakeFiles/CTestLib.dir/CTest/cmCTestBuildAndTestHandler.cxx.o
[ 85%] Building CXX object Source/CMakeFiles/CTestLib.dir/CTest/cmCTestBuildCommand.cxx.o
[ 85%] Building CXX object Source/CMakeFiles/CTestLib.dir/CTest/cmCTestBuildHandler.cxx.o
[ 85%] Building CXX object Source/CMakeFiles/CTestLib.dir/CTest/cmCTestConfigureCommand.cxx.o
[ 86%] Building CXX object Source/CMakeFiles/CTestLib.dir/CTest/cmCTestConfigureHandler.cxx.o
[ 86%] Building CXX object Source/CMakeFiles/CTestLib.dir/CTest/cmCTestCoverageCommand.cxx.o
[ 86%] Building CXX object Source/CMakeFiles/CTestLib.dir/CTest/cmCTestCoverageHandler.cxx.o
[ 86%] Building CXX object Source/CMakeFiles/CTestLib.dir/CTest/cmCTestCurl.cxx.o
[ 86%] Building CXX object Source/CMakeFiles/CTestLib.dir/CTest/cmParseMumpsCoverage.cxx.o
[ 86%] Building CXX object Source/CMakeFiles/CTestLib.dir/CTest/cmParseCacheCoverage.cxx.o
[ 86%] Building CXX object Source/CMakeFiles/CTestLib.dir/CTest/cmParseGTMCoverage.cxx.o
[ 86%] Building CXX object Source/CMakeFiles/CTestLib.dir/CTest/cmParseJacocoCoverage.cxx.o
[ 86%] Building CXX object Source/CMakeFiles/CTestLib.dir/CTest/cmParseBlanketJSCoverage.cxx.o
[ 86%] Building CXX object Source/CMakeFiles/CTestLib.dir/CTest/cmParsePHPCoverage.cxx.o
[ 87%] Building CXX object Source/CMakeFiles/CTestLib.dir/CTest/cmParseCoberturaCoverage.cxx.o
[ 87%] Building CXX object Source/CMakeFiles/CTestLib.dir/CTest/cmParseDelphiCoverage.cxx.o
[ 87%] Building CXX object Source/CMakeFiles/CTestLib.dir/CTest/cmCTestEmptyBinaryDirectoryCommand.cxx.o
[ 87%] Building CXX object Source/CMakeFiles/CTestLib.dir/CTest/cmCTestGenericHandler.cxx.o
[ 87%] Building CXX object Source/CMakeFiles/CTestLib.dir/CTest/cmCTestHandlerCommand.cxx.o
[ 87%] Building CXX object Source/CMakeFiles/CTestLib.dir/CTest/cmCTestResourceAllocator.cxx.o
[ 87%] Building CXX object Source/CMakeFiles/CTestLib.dir/CTest/cmCTestResourceSpec.cxx.o
[ 87%] Building CXX object Source/CMakeFiles/CTestLib.dir/CTest/cmCTestLaunch.cxx.o
[ 87%] Building CXX object Source/CMakeFiles/CTestLib.dir/CTest/cmCTestMemCheckCommand.cxx.o
[ 87%] Building CXX object Source/CMakeFiles/CTestLib.dir/CTest/cmCTestMemCheckHandler.cxx.o
[ 88%] Building CXX object Source/CMakeFiles/CTestLib.dir/CTest/cmCTestMultiProcessHandler.cxx.o
[ 88%] Building CXX object Source/CMakeFiles/CTestLib.dir/CTest/cmCTestReadCustomFilesCommand.cxx.o
[ 88%] Building CXX object Source/CMakeFiles/CTestLib.dir/CTest/cmCTestResourceGroupsLexerHelper.cxx.o
[ 88%] Building CXX object Source/CMakeFiles/CTestLib.dir/CTest/cmCTestRunScriptCommand.cxx.o
[ 88%] Building CXX object Source/CMakeFiles/CTestLib.dir/CTest/cmCTestRunTest.cxx.o
[ 88%] Building CXX object Source/CMakeFiles/CTestLib.dir/CTest/cmCTestScriptHandler.cxx.o
[ 88%] Building CXX object Source/CMakeFiles/CTestLib.dir/CTest/cmCTestSleepCommand.cxx.o
[ 88%] Building CXX object Source/CMakeFiles/CTestLib.dir/CTest/cmCTestStartCommand.cxx.o
[ 88%] Building CXX object Source/CMakeFiles/CTestLib.dir/CTest/cmCTestSubmitCommand.cxx.o
[ 89%] Building CXX object Source/CMakeFiles/CTestLib.dir/CTest/cmCTestSubmitHandler.cxx.o
[ 89%] Building CXX object Source/CMakeFiles/CTestLib.dir/CTest/cmCTestTestCommand.cxx.o
[ 89%] Building CXX object Source/CMakeFiles/CTestLib.dir/CTest/cmCTestTestHandler.cxx.o
[ 89%] Building CXX object Source/CMakeFiles/CTestLib.dir/CTest/cmCTestUpdateCommand.cxx.o
[ 89%] Building CXX object Source/CMakeFiles/CTestLib.dir/CTest/cmCTestUpdateHandler.cxx.o
[ 89%] Building CXX object Source/CMakeFiles/CTestLib.dir/CTest/cmCTestUploadCommand.cxx.o
[ 89%] Building CXX object Source/CMakeFiles/CTestLib.dir/CTest/cmCTestUploadHandler.cxx.o
[ 89%] Building CXX object Source/CMakeFiles/CTestLib.dir/CTest/cmCTestVC.cxx.o
[ 89%] Building CXX object Source/CMakeFiles/CTestLib.dir/CTest/cmCTestGlobalVC.cxx.o
[ 89%] Building CXX object Source/CMakeFiles/CTestLib.dir/CTest/cmCTestCVS.cxx.o
[ 90%] Building CXX object Source/CMakeFiles/CTestLib.dir/CTest/cmCTestSVN.cxx.o
[ 90%] Building CXX object Source/CMakeFiles/CTestLib.dir/CTest/cmCTestBZR.cxx.o
[ 90%] Building CXX object Source/CMakeFiles/CTestLib.dir/CTest/cmCTestGIT.cxx.o
[ 90%] Building CXX object Source/CMakeFiles/CTestLib.dir/CTest/cmCTestHG.cxx.o
[ 90%] Building CXX object Source/CMakeFiles/CTestLib.dir/CTest/cmCTestP4.cxx.o
[ 90%] Building CXX object Source/CMakeFiles/CTestLib.dir/LexerParser/cmCTestResourceGroupsLexer.cxx.o
[ 90%] Linking CXX static library libCTestLib.a
[ 90%] Built target CTestLib
Scanning dependencies of target CMakeServerLib
[ 90%] Building CXX object Source/CMakeFiles/CMakeServerLib.dir/cmConnection.cxx.o
[ 90%] Building CXX object Source/CMakeFiles/CMakeServerLib.dir/cmFileMonitor.cxx.o
[ 90%] Building CXX object Source/CMakeFiles/CMakeServerLib.dir/cmJsonObjects.cxx.o
[ 90%] Building CXX object Source/CMakeFiles/CMakeServerLib.dir/cmPipeConnection.cxx.o
[ 90%] Building CXX object Source/CMakeFiles/CMakeServerLib.dir/cmServer.cxx.o
[ 91%] Building CXX object Source/CMakeFiles/CMakeServerLib.dir/cmServerConnection.cxx.o
[ 91%] Building CXX object Source/CMakeFiles/CMakeServerLib.dir/cmServerProtocol.cxx.o
[ 91%] Linking CXX static library libCMakeServerLib.a
[ 91%] Built target CMakeServerLib
Scanning dependencies of target cmake
[ 91%] Building CXX object Source/CMakeFiles/cmake.dir/cmakemain.cxx.o
[ 91%] Building CXX object Source/CMakeFiles/cmake.dir/cmcmd.cxx.o
[ 91%] Linking CXX executable ../bin/cmake
[ 91%] Built target cmake
Scanning dependencies of target ctest
[ 91%] Building CXX object Source/CMakeFiles/ctest.dir/ctest.cxx.o
[ 91%] Linking CXX executable ../bin/ctest
[ 91%] Built target ctest
Scanning dependencies of target testUVProcessChainHelper
[ 91%] Building CXX object Tests/CMakeLib/CMakeFiles/testUVProcessChainHelper.dir/testUVProcessChainHelper.cxx.o
[ 92%] Linking CXX executable testUVProcessChainHelper
[ 92%] Built target testUVProcessChainHelper
Scanning dependencies of target testEncoding
[ 92%] Building CXX object Tests/CMakeLib/CMakeFiles/testEncoding.dir/testEncoding.cxx.o
[ 92%] Linking CXX executable testEncoding
[ 92%] Built target testEncoding
Scanning dependencies of target runcompilecommands
[ 93%] Building CXX object Tests/CMakeLib/CMakeFiles/runcompilecommands.dir/run_compile_commands.cxx.o
[ 93%] Linking CXX executable runcompilecommands
[ 93%] Built target runcompilecommands
Scanning dependencies of target testAffinity
[ 93%] Building CXX object Tests/CMakeLib/CMakeFiles/testAffinity.dir/testAffinity.cxx.o
[ 93%] Linking CXX executable testAffinity
[ 93%] Built target testAffinity
Scanning dependencies of target CMakeLibTests
[ 94%] Building CXX object Tests/CMakeLib/CMakeFiles/CMakeLibTests.dir/CMakeLibTests.cxx.o
[ 94%] Building CXX object Tests/CMakeLib/CMakeFiles/CMakeLibTests.dir/testArgumentParser.cxx.o
[ 94%] Building CXX object Tests/CMakeLib/CMakeFiles/CMakeLibTests.dir/testCTestBinPacker.cxx.o
[ 94%] Building CXX object Tests/CMakeLib/CMakeFiles/CMakeLibTests.dir/testCTestResourceAllocator.cxx.o
[ 94%] Building CXX object Tests/CMakeLib/CMakeFiles/CMakeLibTests.dir/testCTestResourceSpec.cxx.o
[ 94%] Building CXX object Tests/CMakeLib/CMakeFiles/CMakeLibTests.dir/testCTestResourceGroups.cxx.o
[ 94%] Building CXX object Tests/CMakeLib/CMakeFiles/CMakeLibTests.dir/testGccDepfileReader.cxx.o
[ 94%] Building CXX object Tests/CMakeLib/CMakeFiles/CMakeLibTests.dir/testGeneratedFileStream.cxx.o
[ 94%] Building CXX object Tests/CMakeLib/CMakeFiles/CMakeLibTests.dir/testRST.cxx.o
[ 94%] Building CXX object Tests/CMakeLib/CMakeFiles/CMakeLibTests.dir/testRange.cxx.o
[ 95%] Building CXX object Tests/CMakeLib/CMakeFiles/CMakeLibTests.dir/testOptional.cxx.o
[ 95%] Building CXX object Tests/CMakeLib/CMakeFiles/CMakeLibTests.dir/testString.cxx.o
[ 95%] Building CXX object Tests/CMakeLib/CMakeFiles/CMakeLibTests.dir/testStringAlgorithms.cxx.o
[ 95%] Building CXX object Tests/CMakeLib/CMakeFiles/CMakeLibTests.dir/testSystemTools.cxx.o
[ 95%] Building CXX object Tests/CMakeLib/CMakeFiles/CMakeLibTests.dir/testUTF8.cxx.o
[ 95%] Building CXX object Tests/CMakeLib/CMakeFiles/CMakeLibTests.dir/testXMLParser.cxx.o
[ 95%] Building CXX object Tests/CMakeLib/CMakeFiles/CMakeLibTests.dir/testXMLSafe.cxx.o
[ 95%] Building CXX object Tests/CMakeLib/CMakeFiles/CMakeLibTests.dir/testFindPackageCommand.cxx.o
[ 95%] Building CXX object Tests/CMakeLib/CMakeFiles/CMakeLibTests.dir/testUVProcessChain.cxx.o
[ 95%] Building CXX object Tests/CMakeLib/CMakeFiles/CMakeLibTests.dir/testUVRAII.cxx.o
[ 96%] Building CXX object Tests/CMakeLib/CMakeFiles/CMakeLibTests.dir/testUVStreambuf.cxx.o
[ 96%] Building CXX object Tests/CMakeLib/CMakeFiles/CMakeLibTests.dir/testCMExtMemory.cxx.o
[ 96%] Building CXX object Tests/CMakeLib/CMakeFiles/CMakeLibTests.dir/testCMExtAlgorithm.cxx.o
[ 96%] Linking CXX executable CMakeLibTests
[ 96%] Built target CMakeLibTests
Scanning dependencies of target pseudo_valgrind
[ 96%] Building CXX object Tests/CMakeLib/PseudoMemcheck/CMakeFiles/pseudo_valgrind.dir/ret0.cxx.o
[ 96%] Linking CXX executable valgrind
[ 96%] Built target pseudo_valgrind
Scanning dependencies of target pseudo_BC
[ 96%] Building CXX object Tests/CMakeLib/PseudoMemcheck/CMakeFiles/pseudo_BC.dir/ret0.cxx.o
[ 96%] Linking CXX executable BC
[ 96%] Built target pseudo_BC
Scanning dependencies of target memcheck_fail
[ 97%] Building CXX object Tests/CMakeLib/PseudoMemcheck/CMakeFiles/memcheck_fail.dir/ret1.cxx.o
[ 97%] Linking CXX executable memcheck_fail
[ 97%] Built target memcheck_fail
Scanning dependencies of target pseudo_purify
[ 97%] Building CXX object Tests/CMakeLib/PseudoMemcheck/CMakeFiles/pseudo_purify.dir/ret0.cxx.o
[ 97%] Linking CXX executable purify
[ 97%] Built target pseudo_purify
Scanning dependencies of target pseudonl_purify
[ 97%] Building C object Tests/CMakeLib/PseudoMemcheck/NoLog/CMakeFiles/pseudonl_purify.dir/ret0.c.o
[ 97%] Linking C executable purify
[ 97%] Built target pseudonl_purify
Scanning dependencies of target pseudonl_valgrind
[ 97%] Building C object Tests/CMakeLib/PseudoMemcheck/NoLog/CMakeFiles/pseudonl_valgrind.dir/ret0.c.o
[ 97%] Linking C executable valgrind
[ 97%] Built target pseudonl_valgrind
Scanning dependencies of target pseudonl_BC
[ 97%] Building C object Tests/CMakeLib/PseudoMemcheck/NoLog/CMakeFiles/pseudonl_BC.dir/ret0.c.o
[ 97%] Linking C executable BC
[ 97%] Built target pseudonl_BC
Scanning dependencies of target CMakeServerLibTests
[ 97%] Building CXX object Tests/CMakeServerLib/CMakeFiles/CMakeServerLibTests.dir/CMakeServerLibTests.cxx.o
[ 97%] Building CXX object Tests/CMakeServerLib/CMakeFiles/CMakeServerLibTests.dir/testServerBuffering.cpp.o
[ 97%] Linking CXX executable CMakeServerLibTests
[ 97%] Built target CMakeServerLibTests
Scanning dependencies of target pseudo_emulator
[ 98%] Building C object Tests/RunCMake/CMakeFiles/pseudo_emulator.dir/pseudo_emulator.c.o
[ 98%] Linking C executable pseudo_emulator
[ 98%] Built target pseudo_emulator
Scanning dependencies of target pseudo_emulator_custom_command
[ 98%] Building C object Tests/RunCMake/CMakeFiles/pseudo_emulator_custom_command.dir/pseudo_emulator_custom_command.c.o
[ 98%] Linking C executable pseudo_emulator_custom_command
[ 98%] Built target pseudo_emulator_custom_command
Scanning dependencies of target print_stdin
[ 98%] Building C object Tests/RunCMake/CMakeFiles/print_stdin.dir/print_stdin.c.o
[ 98%] Linking C executable print_stdin
[ 98%] Built target print_stdin
Scanning dependencies of target ctresalloc
[ 98%] Building CXX object Tests/RunCMake/CMakeFiles/ctresalloc.dir/CTestResourceAllocation/ctresalloc.cxx.o
[ 98%] Linking CXX executable ../../bin/ctresalloc
[ 98%] Built target ctresalloc
Scanning dependencies of target pseudo_iwyu
[ 98%] Building C object Tests/RunCMake/CMakeFiles/pseudo_iwyu.dir/pseudo_iwyu.c.o
[ 98%] Linking C executable pseudo_iwyu
[ 98%] Built target pseudo_iwyu
Scanning dependencies of target pseudo_cppcheck
[ 98%] Building C object Tests/RunCMake/CMakeFiles/pseudo_cppcheck.dir/pseudo_cppcheck.c.o
[ 98%] Linking C executable pseudo_cppcheck
[ 98%] Built target pseudo_cppcheck
Scanning dependencies of target exit_code
[ 98%] Building C object Tests/RunCMake/CMakeFiles/exit_code.dir/exit_code.c.o
[ 98%] Linking C executable exit_code
[ 98%] Built target exit_code
Scanning dependencies of target color_warning
[ 98%] Building C object Tests/RunCMake/CMakeFiles/color_warning.dir/color_warning.c.o
[ 98%] Linking C executable color_warning
[ 98%] Built target color_warning
Scanning dependencies of target pseudo_tidy
[ 99%] Building C object Tests/RunCMake/CMakeFiles/pseudo_tidy.dir/pseudo_tidy.c.o
[ 99%] Linking C executable pseudo_tidy
[ 99%] Built target pseudo_tidy
Scanning dependencies of target pseudo_emulator_custom_command_arg
[ 99%] Building C object Tests/RunCMake/CMakeFiles/pseudo_emulator_custom_command_arg.dir/pseudo_emulator_custom_command_arg.c.o
[ 99%] Linking C executable pseudo_emulator_custom_command_arg
[ 99%] Built target pseudo_emulator_custom_command_arg
Scanning dependencies of target pseudo_cpplint
[ 99%] Building C object Tests/RunCMake/CMakeFiles/pseudo_cpplint.dir/pseudo_cpplint.c.o
[ 99%] Linking C executable pseudo_cpplint
[ 99%] Built target pseudo_cpplint
Scanning dependencies of target foo
[100%] Building CXX object Tests/FindPackageModeMakefileTest/CMakeFiles/foo.dir/foo.cpp.o
[100%] Linking CXX static library libfoo.a
[100%] Built target foo
